
=====================================================
          Lid-Driven Cavity Problem Setup
=====================================================
Physical dimensions:     1 x 1
Grid dimensions (nodes): 256 x 256
Processor topology:      4 x 4
Reynolds number:         1.0e+02
Initial time step:       1.0e-02
Adaptive time stepping:  true
Regularized lid BC:      true
Discretization:          Q1-Q1 stabilized
Final time:              5.0e+01
Visualization:           disabled
Verbosity level:         0x1
=====================================================

Date and time: 2026-06-19 09:54:53

Using HYPREDRV_DEVELOP_STRING: v0.2.0-69-gc1f13f4b5 (aux-space)
Using HYPRE_DEVELOP_STRING: v3.1.0-55-g7e247a231 (master)
---------------------------------------------------------------------------------------
solver: 
  fgmres: 
    max_iter: 500
    krylov_dim: 500
    print_level: 0
    relative_tol: 1.0e-6
preconditioner: 
  ilu: 
    type: bj-iluk
    fill_level: 0
---------------------------------------------------------------------------------------
Time step:   1 | Time: 1.0000e-02 [s] | CFL:     2.55 | NL:  1 | Lin:  66 | L2(u)=1.50e+01  L2(v)=0.00e+00  L2(p)=0.00e+00
Time step:   1 | Time: 1.0000e-02 [s] | CFL:     2.55 | NL:  2 | Lin: 190 | L2(u)=4.32e-04  L2(v)=6.77e-05  L2(p)=1.44e-05

Time step:   2 | Time: 2.2000e-02 [s] | CFL:     3.06 | NL:  1 | Lin: 184 | L2(u)=2.10e-02  L2(v)=4.54e-03  L2(p)=1.26e-05
Time step:   2 | Time: 2.2000e-02 [s] | CFL:     3.06 | NL:  2 | Lin: 191 | L2(u)=5.58e-05  L2(v)=1.98e-05  L2(p)=4.50e-06

Time step:   3 | Time: 3.6400e-02 [s] | CFL:     3.67 | NL:  1 | Lin: 187 | L2(u)=8.00e-03  L2(v)=2.43e-03  L2(p)=5.08e-06
Time step:   3 | Time: 3.6400e-02 [s] | CFL:     3.67 | NL:  2 | Lin: 192 | L2(u)=2.52e-05  L2(v)=1.04e-05  L2(p)=2.69e-06

Time step:   4 | Time: 5.3680e-02 [s] | CFL:     4.41 | NL:  1 | Lin: 188 | L2(u)=4.87e-03  L2(v)=1.61e-03  L2(p)=1.18e-06
Time step:   4 | Time: 5.3680e-02 [s] | CFL:     4.41 | NL:  2 | Lin: 196 | L2(u)=1.61e-05  L2(v)=7.33e-06  L2(p)=1.98e-06

Time step:   5 | Time: 7.4416e-02 [s] | CFL:     5.29 | NL:  1 | Lin: 189 | L2(u)=3.41e-03  L2(v)=1.23e-03  L2(p)=5.28e-07
Time step:   5 | Time: 7.4416e-02 [s] | CFL:     5.29 | NL:  2 | Lin: 202 | L2(u)=1.19e-05  L2(v)=5.85e-06  L2(p)=1.58e-06

Time step:   6 | Time: 9.9299e-02 [s] | CFL:     6.35 | NL:  1 | Lin: 199 | L2(u)=2.54e-03  L2(v)=9.90e-04  L2(p)=2.86e-07
Time step:   6 | Time: 9.9299e-02 [s] | CFL:     6.35 | NL:  2 | Lin: 206 | L2(u)=9.71e-06  L2(v)=5.01e-06  L2(p)=1.33e-06

Time step:   7 | Time: 1.2916e-01 [s] | CFL:     7.61 | NL:  1 | Lin: 212 | L2(u)=1.97e-03  L2(v)=8.20e-04  L2(p)=1.71e-07
Time step:   7 | Time: 1.2916e-01 [s] | CFL:     7.61 | NL:  2 | Lin: 216 | L2(u)=8.35e-06  L2(v)=4.50e-06  L2(p)=1.15e-06

Time step:   8 | Time: 1.6499e-01 [s] | CFL:     9.14 | NL:  1 | Lin: 224 | L2(u)=1.56e-03  L2(v)=6.90e-04  L2(p)=1.09e-07
Time step:   8 | Time: 1.6499e-01 [s] | CFL:     9.14 | NL:  2 | Lin: 233 | L2(u)=7.48e-06  L2(v)=4.19e-06  L2(p)=1.02e-06

Time step:   9 | Time: 2.0799e-01 [s] | CFL:    10.96 | NL:  1 | Lin: 238 | L2(u)=1.25e-03  L2(v)=5.88e-04  L2(p)=7.29e-08
Time step:   9 | Time: 2.0799e-01 [s] | CFL:    10.96 | NL:  2 | Lin: 246 | L2(u)=6.90e-06  L2(v)=4.00e-06  L2(p)=9.16e-07

Time step:  10 | Time: 2.5959e-01 [s] | CFL:    13.16 | NL:  1 | Lin: 253 | L2(u)=1.02e-03  L2(v)=5.06e-04  L2(p)=5.08e-08
Time step:  10 | Time: 2.5959e-01 [s] | CFL:    13.16 | NL:  2 | Lin: 262 | L2(u)=6.50e-06  L2(v)=3.89e-06  L2(p)=8.37e-07

Time step:  11 | Time: 3.2150e-01 [s] | CFL:    15.79 | NL:  1 | Lin: 274 | L2(u)=8.30e-04  L2(v)=4.37e-04  L2(p)=3.68e-08
Time step:  11 | Time: 3.2150e-01 [s] | CFL:    15.79 | NL:  2 | Lin: 279 | L2(u)=6.22e-06  L2(v)=3.85e-06  L2(p)=7.73e-07

Time step:  12 | Time: 3.9581e-01 [s] | CFL:    18.95 | NL:  1 | Lin: 296 | L2(u)=6.81e-04  L2(v)=3.79e-04  L2(p)=2.77e-08
Time step:  12 | Time: 3.9581e-01 [s] | CFL:    18.95 | NL:  2 | Lin: 300 | L2(u)=6.03e-06  L2(v)=3.85e-06  L2(p)=7.20e-07

Time step:  13 | Time: 4.8497e-01 [s] | CFL:    22.74 | NL:  1 | Lin: 320 | L2(u)=5.59e-04  L2(v)=3.30e-04  L2(p)=2.18e-08
Time step:  13 | Time: 4.8497e-01 [s] | CFL:    22.74 | NL:  2 | Lin: 322 | L2(u)=5.87e-06  L2(v)=3.87e-06  L2(p)=6.75e-07

Time step:  14 | Time: 5.9196e-01 [s] | CFL:    27.28 | NL:  1 | Lin: 343 | L2(u)=4.60e-04  L2(v)=2.87e-04  L2(p)=1.79e-08
Time step:  14 | Time: 5.9196e-01 [s] | CFL:    27.28 | NL:  2 | Lin: 345 | L2(u)=5.72e-06  L2(v)=3.90e-06  L2(p)=6.36e-07

Time step:  15 | Time: 7.2035e-01 [s] | CFL:    32.74 | NL:  1 | Lin: 365 | L2(u)=3.77e-04  L2(v)=2.50e-04  L2(p)=1.53e-08
Time step:  15 | Time: 7.2035e-01 [s] | CFL:    32.74 | NL:  2 | Lin: 367 | L2(u)=5.54e-06  L2(v)=3.91e-06  L2(p)=6.00e-07

Time step:  16 | Time: 8.7442e-01 [s] | CFL:    39.29 | NL:  1 | Lin: 386 | L2(u)=3.09e-04  L2(v)=2.17e-04  L2(p)=1.34e-08
Time step:  16 | Time: 8.7442e-01 [s] | CFL:    39.29 | NL:  2 | Lin: 388 | L2(u)=5.30e-06  L2(v)=3.88e-06  L2(p)=5.64e-07

Time step:  17 | Time: 1.0593e+00 [s] | CFL:    47.15 | NL:  1 | Lin: 407 | L2(u)=2.52e-04  L2(v)=1.88e-04  L2(p)=1.19e-08
Time step:  17 | Time: 1.0593e+00 [s] | CFL:    47.15 | NL:  2 | Lin: 409 | L2(u)=4.96e-06  L2(v)=3.79e-06  L2(p)=5.27e-07

Time step:  18 | Time: 1.2812e+00 [s] | CFL:    56.57 | NL:  1 | Lin: 430 | L2(u)=2.05e-04  L2(v)=1.61e-04  L2(p)=1.05e-08
Time step:  18 | Time: 1.2812e+00 [s] | CFL:    56.57 | NL:  2 | Lin: 433 | L2(u)=4.53e-06  L2(v)=3.60e-06  L2(p)=4.87e-07

Time step:  19 | Time: 1.5474e+00 [s] | CFL:    67.89 | NL:  1 | Lin: 448 | L2(u)=1.66e-04  L2(v)=1.36e-04  L2(p)=9.18e-09
Time step:  19 | Time: 1.5474e+00 [s] | CFL:    67.89 | NL:  2 | Lin: 454 | L2(u)=4.02e-06  L2(v)=3.31e-06  L2(p)=4.41e-07

Time step:  20 | Time: 1.8669e+00 [s] | CFL:    81.47 | NL:  1 | Lin: 481 | L2(u)=1.34e-04  L2(v)=1.13e-04  L2(p)=7.83e-09
Time step:  20 | Time: 1.8669e+00 [s] | CFL:    81.47 | NL:  2 | Lin: 477 | L2(u)=3.47e-06  L2(v)=2.92e-06  L2(p)=3.90e-07

Time step:  21 | Time: 2.2503e+00 [s] | CFL:    97.76 | NL:  1 | Lin: 500 | L2(u)=1.07e-04  L2(v)=9.20e-05  L2(p)=6.52e-09
Time step:  21 | Time: 2.2503e+00 [s] | CFL:    97.76 | NL:  2 | Lin: 500 | L2(u)=2.89e-06  L2(v)=2.47e-06  L2(p)=3.38e-07

Time step:  22 | Time: 2.7103e+00 [s] | CFL:   117.31 | NL:  1 | Lin: 500 | L2(u)=8.46e-05  L2(v)=7.34e-05  L2(p)=5.31e-09
Time step:  22 | Time: 2.7103e+00 [s] | CFL:   117.31 | NL:  2 | Lin: 500 | L2(u)=2.33e-06  L2(v)=2.00e-06  L2(p)=2.87e-07

Time step:  23 | Time: 3.2624e+00 [s] | CFL:   140.78 | NL:  1 | Lin: 500 | L2(u)=6.56e-05  L2(v)=5.72e-05  L2(p)=4.21e-09
Time step:  23 | Time: 3.2624e+00 [s] | CFL:   140.78 | NL:  2 | Lin: 500 | L2(u)=1.79e-06  L2(v)=1.54e-06  L2(p)=2.39e-07

Time step:  24 | Time: 3.9248e+00 [s] | CFL:   168.93 | NL:  1 | Lin: 500 | L2(u)=4.97e-05  L2(v)=4.35e-05  L2(p)=3.22e-09
Time step:  24 | Time: 3.9248e+00 [s] | CFL:   168.93 | NL:  2 | Lin: 500 | L2(u)=1.30e-06  L2(v)=1.12e-06  L2(p)=1.95e-07

Time step:  25 | Time: 4.7198e+00 [s] | CFL:   202.72 | NL:  1 | Lin: 500 | L2(u)=3.63e-05  L2(v)=3.20e-05  L2(p)=2.34e-09
Time step:  25 | Time: 4.7198e+00 [s] | CFL:   202.72 | NL:  2 | Lin: 500 | L2(u)=8.71e-07  L2(v)=7.65e-07  L2(p)=1.55e-07

Time step:  26 | Time: 5.6738e+00 [s] | CFL:   243.26 | NL:  1 | Lin: 500 | L2(u)=2.54e-05  L2(v)=2.26e-05  L2(p)=1.59e-09
Time step:  27 | Time: 7.9633e+00 [s] | CFL:   583.82 | NL:  1 | Lin: 500 | L2(u)=1.69e-05  L2(v)=1.52e-05  L2(p)=1.18e-07
Time step:  28 | Time: 1.3458e+01 [s] | CFL:  1401.18 | NL:  1 | Lin: 500 | L2(u)=7.61e-06  L2(v)=6.94e-06  L2(p)=1.24e-07
Time step:  29 | Time: 2.6646e+01 [s] | CFL:  3362.83 | NL:  1 | Lin: 500 | L2(u)=1.93e-06  L2(v)=1.78e-06  L2(p)=7.36e-08
Time step:  30 | Time: 5.0000e+01 [s] | CFL:  5955.35 | NL:  1 | Lin: 500 | L2(u)=2.38e-07  L2(v)=2.21e-07  L2(p)=2.17e-08

Final kinetic energy: 3.453060e-02

Aggregate Summary:
--------------------------------------------------------------
Total number of Non-linear iterations: 55
Total number of linear iterations:     10186
Avg. LS iterations:                    185.20
Avg. LS times: (setup, solve, total):  0.0035, 1.7707, 1.7742
Total LS times: (setup, solve, total): 0.1914, 97.3892, 97.5806
Avg. LS iterations per timestep:       339.53
Avg. LS times per timestep: (s, s, t): 0.0064, 3.2463, 3.2527
--------------------------------------------------------------

=======================================================================================


STATISTICS SUMMARY:

+------------+-------------+-------------+-------------+------------+------------+--------+
|            |    LS build |       setup |       solve |    initial |   relative |        |
|       Path |   times [s] |   times [s] |   times [s] |  res. norm |  res. norm |  iters |
+------------+-------------+-------------+-------------+------------+------------+--------+
|      1.1.1 |       0.037 |       0.004 |       0.256 |   1.50e+01 |   9.54e-07 |     66 |
|      1.2.2 |       0.015 |       0.004 |       1.325 |   4.38e-04 |   8.23e-07 |    190 |
|      2.1.3 |       0.016 |       0.004 |       1.283 |   2.14e-02 |   8.95e-07 |    184 |
|      2.2.4 |       0.016 |       0.005 |       1.348 |   5.94e-05 |   8.78e-07 |    191 |
|      3.1.5 |       0.017 |       0.006 |       1.313 |   8.36e-03 |   8.68e-07 |    187 |
|      3.2.6 |       0.018 |       0.006 |       1.370 |   2.74e-05 |   9.93e-07 |    192 |
|      4.1.7 |       0.017 |       0.006 |       1.320 |   5.13e-03 |   8.80e-07 |    188 |
|      4.2.8 |       0.015 |       0.005 |       1.425 |   1.78e-05 |   9.93e-07 |    196 |
|      5.1.9 |       0.016 |       0.006 |       1.352 |   3.62e-03 |   9.67e-07 |    189 |
|     5.2.10 |       0.015 |       0.005 |       1.547 |   1.34e-05 |   9.60e-07 |    202 |
|     6.1.11 |       0.017 |       0.007 |       1.465 |   2.73e-03 |   9.92e-07 |    199 |
|     6.2.12 |       0.015 |       0.005 |       1.551 |   1.10e-05 |   9.01e-07 |    206 |
|     7.1.13 |       0.016 |       0.006 |       1.596 |   2.13e-03 |   9.23e-07 |    212 |
|     7.2.14 |       0.015 |       0.004 |       1.687 |   9.56e-06 |   9.19e-07 |    216 |
|     8.1.15 |       0.019 |       0.007 |       1.825 |   1.70e-03 |   9.28e-07 |    224 |
|     8.2.16 |       0.016 |       0.006 |       1.948 |   8.63e-06 |   9.83e-07 |    233 |
|     9.1.17 |       0.016 |       0.006 |       2.081 |   1.38e-03 |   9.54e-07 |    238 |
|     9.2.18 |       0.016 |       0.005 |       2.037 |   8.02e-06 |   9.79e-07 |    246 |
|    10.1.19 |       0.017 |       0.006 |       2.108 |   1.14e-03 |   9.25e-07 |    253 |
|    10.2.20 |       0.015 |       0.005 |       2.234 |   7.62e-06 |   9.28e-07 |    262 |
|    11.1.21 |       0.015 |       0.004 |       2.436 |   9.38e-04 |   9.87e-07 |    274 |
|    11.2.22 |       0.015 |       0.005 |       2.491 |   7.36e-06 |   9.96e-07 |    279 |
|    12.1.23 |       0.016 |       0.004 |       2.763 |   7.79e-04 |   9.52e-07 |    296 |
|    12.2.24 |       0.015 |       0.006 |       2.801 |   7.18e-06 |   9.56e-07 |    300 |
|    13.1.25 |       0.016 |       0.004 |       3.135 |   6.49e-04 |   9.83e-07 |    320 |
|    13.2.26 |       0.015 |       0.005 |       3.168 |   7.06e-06 |   9.09e-07 |    322 |
|    14.1.27 |       0.016 |       0.005 |       3.583 |   5.42e-04 |   9.30e-07 |    343 |
|    14.2.28 |       0.015 |       0.004 |       3.588 |   6.95e-06 |   9.41e-07 |    345 |
|    15.1.29 |       0.016 |       0.005 |       3.988 |   4.53e-04 |   9.20e-07 |    365 |
|    15.2.30 |       0.014 |       0.006 |       3.990 |   6.81e-06 |   9.33e-07 |    367 |
|    16.1.31 |       0.015 |       0.005 |       4.357 |   3.78e-04 |   9.43e-07 |    386 |
|    16.2.32 |       0.015 |       0.005 |       4.398 |   6.59e-06 |   9.46e-07 |    388 |
|    17.1.33 |       0.015 |       0.006 |       4.773 |   3.15e-04 |   9.96e-07 |    407 |
|    17.2.34 |       0.015 |       0.006 |       4.755 |   6.27e-06 |   9.26e-07 |    409 |
|    18.1.35 |       0.015 |       0.004 |       5.234 |   2.61e-04 |   9.56e-07 |    430 |
|    18.2.36 |       0.016 |       0.005 |       5.282 |   5.81e-06 |   9.63e-07 |    433 |
|    19.1.37 |       0.015 |       0.004 |       5.578 |   2.15e-04 |   9.94e-07 |    448 |
|    19.2.38 |       0.018 |       0.006 |       5.830 |   5.23e-06 |   9.72e-07 |    454 |
|    20.1.39 |       0.015 |       0.004 |       6.675 |   1.75e-04 |   9.74e-07 |    481 |
|    20.2.40 |       0.015 |       0.006 |       6.361 |   4.55e-06 |   9.77e-07 |    477 |
|    21.1.41 |       0.017 |       0.007 |       6.919 |   1.41e-04 |   1.11e-06 |    500 |
|    21.2.42 |       0.015 |       0.005 |       6.986 |   3.82e-06 |   1.51e-06 |    500 |
|    22.1.43 |       0.016 |       0.005 |       6.914 |   1.12e-04 |   4.87e-06 |    500 |
|    22.2.44 |       0.015 |       0.005 |       7.041 |   3.08e-06 |   6.38e-06 |    500 |
|    23.1.45 |       0.015 |       0.005 |       6.956 |   8.71e-05 |   1.63e-05 |    500 |
|    23.2.46 |       0.016 |       0.005 |       7.038 |   2.37e-06 |   1.63e-05 |    500 |
|    24.1.47 |       0.016 |       0.005 |       7.027 |   6.60e-05 |   3.65e-05 |    500 |
|    24.2.48 |       0.015 |       0.005 |       6.957 |   1.73e-06 |   5.21e-05 |    500 |
|    25.1.49 |       0.015 |       0.006 |       7.259 |   4.84e-05 |   5.68e-05 |    500 |
|    25.2.50 |       0.017 |       0.005 |       7.327 |   1.17e-06 |   7.56e-05 |    500 |
|    26.1.51 |       0.016 |       0.008 |       7.119 |   3.40e-05 |   7.35e-05 |    500 |
|    27.1.52 |       0.017 |       0.007 |       7.071 |   2.27e-05 |   2.34e-04 |    500 |
|    28.1.53 |       0.015 |       0.005 |       6.854 |   1.03e-05 |   6.79e-04 |    500 |
|    29.1.54 |       0.015 |       0.005 |       6.891 |   2.63e-06 |   2.75e-03 |    500 |
|    30.1.55 |       0.018 |       0.008 |       6.968 |   3.25e-07 |   1.58e-02 |    500 |
+------------+-------------+-------------+-------------+------------+------------+--------+

