
=====================================================
          Lid-Driven Cavity Problem Setup
=====================================================
Physical dimensions:     1 x 1
Grid dimensions (nodes): 256 x 256
Processor topology:      4 x 4
Reynolds number:         1.0e+02
Initial time step:       1.0e-02
Adaptive time stepping:  true
Regularized lid BC:      true
Discretization:          Q1-Q1 stabilized
Final time:              5.0e+01
Visualization:           disabled
Verbosity level:         0x1
=====================================================

Date and time: 2026-06-19 10:01:22

Using HYPREDRV_DEVELOP_STRING: v0.2.0-69-gc1f13f4b5 (aux-space)
Using HYPRE_DEVELOP_STRING: v3.1.0-55-g7e247a231 (master)
---------------------------------------------------------------------------------------
solver: 
  fgmres: 
    max_iter: 500
    krylov_dim: 500
    print_level: 0
    relative_tol: 1.0e-6
preconditioner: 
  amg: 
    max_iter: 1
---------------------------------------------------------------------------------------
Time step:   1 | Time: 1.0000e-02 [s] | CFL:     2.55 | NL:  1 | Lin:  51 | L2(u)=1.50e+01  L2(v)=0.00e+00  L2(p)=0.00e+00
Time step:   1 | Time: 1.0000e-02 [s] | CFL:     2.55 | NL:  2 | Lin: 145 | L2(u)=4.32e-04  L2(v)=6.80e-05  L2(p)=1.62e-05

Time step:   2 | Time: 2.2000e-02 [s] | CFL:     3.06 | NL:  1 | Lin: 135 | L2(u)=2.10e-02  L2(v)=4.54e-03  L2(p)=1.26e-05
Time step:   2 | Time: 2.2000e-02 [s] | CFL:     3.06 | NL:  2 | Lin: 142 | L2(u)=5.58e-05  L2(v)=1.98e-05  L2(p)=4.50e-06

Time step:   3 | Time: 3.6400e-02 [s] | CFL:     3.67 | NL:  1 | Lin: 133 | L2(u)=8.00e-03  L2(v)=2.43e-03  L2(p)=5.08e-06
Time step:   3 | Time: 3.6400e-02 [s] | CFL:     3.67 | NL:  2 | Lin: 137 | L2(u)=2.52e-05  L2(v)=1.04e-05  L2(p)=2.69e-06

Time step:   4 | Time: 5.3680e-02 [s] | CFL:     4.41 | NL:  1 | Lin: 128 | L2(u)=4.87e-03  L2(v)=1.61e-03  L2(p)=1.18e-06
Time step:   4 | Time: 5.3680e-02 [s] | CFL:     4.41 | NL:  2 | Lin: 133 | L2(u)=1.61e-05  L2(v)=7.33e-06  L2(p)=1.98e-06

Time step:   5 | Time: 7.4416e-02 [s] | CFL:     5.29 | NL:  1 | Lin: 122 | L2(u)=3.41e-03  L2(v)=1.23e-03  L2(p)=5.28e-07
Time step:   5 | Time: 7.4416e-02 [s] | CFL:     5.29 | NL:  2 | Lin: 129 | L2(u)=1.19e-05  L2(v)=5.85e-06  L2(p)=1.58e-06

Time step:   6 | Time: 9.9299e-02 [s] | CFL:     6.35 | NL:  1 | Lin: 119 | L2(u)=2.54e-03  L2(v)=9.90e-04  L2(p)=2.86e-07
Time step:   6 | Time: 9.9299e-02 [s] | CFL:     6.35 | NL:  2 | Lin: 125 | L2(u)=9.71e-06  L2(v)=5.01e-06  L2(p)=1.33e-06

Time step:   7 | Time: 1.2916e-01 [s] | CFL:     7.61 | NL:  1 | Lin: 113 | L2(u)=1.97e-03  L2(v)=8.20e-04  L2(p)=1.71e-07
Time step:   7 | Time: 1.2916e-01 [s] | CFL:     7.61 | NL:  2 | Lin: 122 | L2(u)=8.35e-06  L2(v)=4.50e-06  L2(p)=1.15e-06

Time step:   8 | Time: 1.6499e-01 [s] | CFL:     9.14 | NL:  1 | Lin: 114 | L2(u)=1.56e-03  L2(v)=6.90e-04  L2(p)=1.09e-07
Time step:   8 | Time: 1.6499e-01 [s] | CFL:     9.14 | NL:  2 | Lin: 118 | L2(u)=7.48e-06  L2(v)=4.19e-06  L2(p)=1.02e-06

Time step:   9 | Time: 2.0799e-01 [s] | CFL:    10.96 | NL:  1 | Lin: 112 | L2(u)=1.25e-03  L2(v)=5.88e-04  L2(p)=7.29e-08
Time step:   9 | Time: 2.0799e-01 [s] | CFL:    10.96 | NL:  2 | Lin: 115 | L2(u)=6.90e-06  L2(v)=4.00e-06  L2(p)=9.16e-07

Time step:  10 | Time: 2.5959e-01 [s] | CFL:    13.16 | NL:  1 | Lin: 110 | L2(u)=1.02e-03  L2(v)=5.06e-04  L2(p)=5.08e-08
Time step:  10 | Time: 2.5959e-01 [s] | CFL:    13.16 | NL:  2 | Lin: 113 | L2(u)=6.50e-06  L2(v)=3.89e-06  L2(p)=8.37e-07

Time step:  11 | Time: 3.2150e-01 [s] | CFL:    15.79 | NL:  1 | Lin: 107 | L2(u)=8.30e-04  L2(v)=4.37e-04  L2(p)=3.68e-08
Time step:  11 | Time: 3.2150e-01 [s] | CFL:    15.79 | NL:  2 | Lin: 109 | L2(u)=6.22e-06  L2(v)=3.85e-06  L2(p)=7.73e-07

Time step:  12 | Time: 3.9581e-01 [s] | CFL:    18.95 | NL:  1 | Lin: 105 | L2(u)=6.81e-04  L2(v)=3.79e-04  L2(p)=2.77e-08
Time step:  12 | Time: 3.9581e-01 [s] | CFL:    18.95 | NL:  2 | Lin: 108 | L2(u)=6.03e-06  L2(v)=3.85e-06  L2(p)=7.20e-07

Time step:  13 | Time: 4.8497e-01 [s] | CFL:    22.74 | NL:  1 | Lin: 106 | L2(u)=5.59e-04  L2(v)=3.30e-04  L2(p)=2.18e-08
Time step:  13 | Time: 4.8497e-01 [s] | CFL:    22.74 | NL:  2 | Lin: 106 | L2(u)=5.87e-06  L2(v)=3.87e-06  L2(p)=6.75e-07

Time step:  14 | Time: 5.9196e-01 [s] | CFL:    27.28 | NL:  1 | Lin: 106 | L2(u)=4.60e-04  L2(v)=2.87e-04  L2(p)=1.79e-08
Time step:  14 | Time: 5.9196e-01 [s] | CFL:    27.28 | NL:  2 | Lin: 106 | L2(u)=5.72e-06  L2(v)=3.90e-06  L2(p)=6.36e-07

Time step:  15 | Time: 7.2035e-01 [s] | CFL:    32.74 | NL:  1 | Lin: 106 | L2(u)=3.77e-04  L2(v)=2.50e-04  L2(p)=1.53e-08
Time step:  15 | Time: 7.2035e-01 [s] | CFL:    32.74 | NL:  2 | Lin: 108 | L2(u)=5.54e-06  L2(v)=3.91e-06  L2(p)=6.00e-07

Time step:  16 | Time: 8.7442e-01 [s] | CFL:    39.29 | NL:  1 | Lin: 111 | L2(u)=3.09e-04  L2(v)=2.17e-04  L2(p)=1.34e-08
Time step:  16 | Time: 8.7442e-01 [s] | CFL:    39.29 | NL:  2 | Lin: 111 | L2(u)=5.30e-06  L2(v)=3.88e-06  L2(p)=5.64e-07

Time step:  17 | Time: 1.0593e+00 [s] | CFL:    47.15 | NL:  1 | Lin: 115 | L2(u)=2.52e-04  L2(v)=1.88e-04  L2(p)=1.19e-08
Time step:  17 | Time: 1.0593e+00 [s] | CFL:    47.15 | NL:  2 | Lin: 114 | L2(u)=4.96e-06  L2(v)=3.79e-06  L2(p)=5.27e-07

Time step:  18 | Time: 1.2812e+00 [s] | CFL:    56.57 | NL:  1 | Lin: 119 | L2(u)=2.05e-04  L2(v)=1.61e-04  L2(p)=1.05e-08
Time step:  18 | Time: 1.2812e+00 [s] | CFL:    56.57 | NL:  2 | Lin: 120 | L2(u)=4.53e-06  L2(v)=3.60e-06  L2(p)=4.87e-07

Time step:  19 | Time: 1.5474e+00 [s] | CFL:    67.89 | NL:  1 | Lin: 128 | L2(u)=1.66e-04  L2(v)=1.36e-04  L2(p)=9.18e-09
Time step:  19 | Time: 1.5474e+00 [s] | CFL:    67.89 | NL:  2 | Lin: 126 | L2(u)=4.02e-06  L2(v)=3.31e-06  L2(p)=4.41e-07

Time step:  20 | Time: 1.8669e+00 [s] | CFL:    81.47 | NL:  1 | Lin: 134 | L2(u)=1.34e-04  L2(v)=1.13e-04  L2(p)=7.83e-09
Time step:  20 | Time: 1.8669e+00 [s] | CFL:    81.47 | NL:  2 | Lin: 132 | L2(u)=3.47e-06  L2(v)=2.92e-06  L2(p)=3.91e-07

Time step:  21 | Time: 2.2503e+00 [s] | CFL:    97.76 | NL:  1 | Lin: 141 | L2(u)=1.07e-04  L2(v)=9.20e-05  L2(p)=6.53e-09
Time step:  21 | Time: 2.2503e+00 [s] | CFL:    97.76 | NL:  2 | Lin: 139 | L2(u)=2.89e-06  L2(v)=2.47e-06  L2(p)=3.38e-07

Time step:  22 | Time: 2.7103e+00 [s] | CFL:   117.31 | NL:  1 | Lin: 148 | L2(u)=8.46e-05  L2(v)=7.34e-05  L2(p)=5.31e-09
Time step:  22 | Time: 2.7103e+00 [s] | CFL:   117.31 | NL:  2 | Lin: 147 | L2(u)=2.33e-06  L2(v)=2.00e-06  L2(p)=2.87e-07

Time step:  23 | Time: 3.2624e+00 [s] | CFL:   140.78 | NL:  1 | Lin: 154 | L2(u)=6.56e-05  L2(v)=5.72e-05  L2(p)=4.21e-09
Time step:  23 | Time: 3.2624e+00 [s] | CFL:   140.78 | NL:  2 | Lin: 154 | L2(u)=1.79e-06  L2(v)=1.54e-06  L2(p)=2.39e-07

Time step:  24 | Time: 3.9248e+00 [s] | CFL:   168.93 | NL:  1 | Lin: 161 | L2(u)=4.97e-05  L2(v)=4.35e-05  L2(p)=3.22e-09
Time step:  24 | Time: 3.9248e+00 [s] | CFL:   168.93 | NL:  2 | Lin: 161 | L2(u)=1.30e-06  L2(v)=1.12e-06  L2(p)=1.95e-07

Time step:  25 | Time: 4.7198e+00 [s] | CFL:   202.72 | NL:  1 | Lin: 167 | L2(u)=3.63e-05  L2(v)=3.20e-05  L2(p)=2.33e-09
Time step:  25 | Time: 4.7198e+00 [s] | CFL:   202.72 | NL:  2 | Lin: 167 | L2(u)=8.70e-07  L2(v)=7.65e-07  L2(p)=1.55e-07

Time step:  26 | Time: 5.6738e+00 [s] | CFL:   243.26 | NL:  1 | Lin: 174 | L2(u)=2.54e-05  L2(v)=2.26e-05  L2(p)=1.58e-09
Time step:  27 | Time: 7.9633e+00 [s] | CFL:   583.82 | NL:  1 | Lin: 191 | L2(u)=1.69e-05  L2(v)=1.52e-05  L2(p)=1.18e-07
Time step:  28 | Time: 1.3458e+01 [s] | CFL:  1401.18 | NL:  1 | Lin: 202 | L2(u)=7.61e-06  L2(v)=6.94e-06  L2(p)=1.24e-07
Time step:  29 | Time: 2.6646e+01 [s] | CFL:  3362.83 | NL:  1 | Lin: 206 | L2(u)=1.93e-06  L2(v)=1.78e-06  L2(p)=7.38e-08
Time step:  30 | Time: 5.0000e+01 [s] | CFL:  5955.35 | NL:  1 | Lin: 209 | L2(u)=2.38e-07  L2(v)=2.20e-07  L2(p)=2.15e-08

Final kinetic energy: 3.453054e-02

Aggregate Summary:
--------------------------------------------------------------
Total number of Non-linear iterations: 55
Total number of linear iterations:     4301
Avg. LS iterations:                    78.20
Avg. LS times: (setup, solve, total):  0.0215, 0.6660, 0.6875
Total LS times: (setup, solve, total): 1.1833, 36.6284, 37.8116
Avg. LS iterations per timestep:       143.37
Avg. LS times per timestep: (s, s, t): 0.0394, 1.2209, 1.2604
--------------------------------------------------------------

=======================================================================================


STATISTICS SUMMARY:

+------------+-------------+-------------+-------------+------------+------------+--------+
|            |    LS build |       setup |       solve |    initial |   relative |        |
|       Path |   times [s] |   times [s] |   times [s] |  res. norm |  res. norm |  iters |
+------------+-------------+-------------+-------------+------------+------------+--------+
|      1.1.1 |       0.018 |       0.030 |       0.251 |   1.50e+01 |   8.79e-07 |     51 |
|      1.2.2 |       0.015 |       0.031 |       1.347 |   4.37e-04 |   8.74e-07 |    145 |
|      2.1.3 |       0.017 |       0.032 |       1.215 |   2.14e-02 |   8.95e-07 |    135 |
|      2.2.4 |       0.015 |       0.032 |       1.300 |   5.94e-05 |   7.89e-07 |    142 |
|      3.1.5 |       0.017 |       0.031 |       1.178 |   8.36e-03 |   9.79e-07 |    133 |
|      3.2.6 |       0.016 |       0.031 |       1.232 |   2.74e-05 |   8.76e-07 |    137 |
|      4.1.7 |       0.016 |       0.032 |       1.120 |   5.13e-03 |   9.11e-07 |    128 |
|      4.2.8 |       0.014 |       0.031 |       1.193 |   1.78e-05 |   7.53e-07 |    133 |
|      5.1.9 |       0.018 |       0.032 |       1.049 |   3.62e-03 |   9.79e-07 |    122 |
|     5.2.10 |       0.014 |       0.031 |       1.132 |   1.34e-05 |   7.73e-07 |    129 |
|     6.1.11 |       0.016 |       0.031 |       1.013 |   2.73e-03 |   9.41e-07 |    119 |
|     6.2.12 |       0.014 |       0.031 |       1.073 |   1.10e-05 |   8.50e-07 |    125 |
|     7.1.13 |       0.018 |       0.032 |       0.938 |   2.13e-03 |   8.81e-07 |    113 |
|     7.2.14 |       0.014 |       0.031 |       1.068 |   9.56e-06 |   8.95e-07 |    122 |
|     8.1.15 |       0.019 |       0.032 |       0.945 |   1.70e-03 |   8.26e-07 |    114 |
|     8.2.16 |       0.015 |       0.035 |       1.001 |   8.63e-06 |   7.26e-07 |    118 |
|     9.1.17 |       0.016 |       0.031 |       0.932 |   1.38e-03 |   7.62e-07 |    112 |
|     9.2.18 |       0.015 |       0.034 |       0.972 |   8.02e-06 |   8.94e-07 |    115 |
|    10.1.19 |       0.017 |       0.036 |       0.925 |   1.14e-03 |   7.74e-07 |    110 |
|    10.2.20 |       0.016 |       0.031 |       0.954 |   7.62e-06 |   6.10e-07 |    113 |
|    11.1.21 |       0.016 |       0.032 |       0.868 |   9.38e-04 |   9.15e-07 |    107 |
|    11.2.22 |       0.015 |       0.032 |       0.877 |   7.36e-06 |   8.45e-07 |    109 |
|    12.1.23 |       0.017 |       0.030 |       0.858 |   7.79e-04 |   9.00e-07 |    105 |
|    12.2.24 |       0.015 |       0.031 |       0.875 |   7.18e-06 |   6.65e-07 |    108 |
|    13.1.25 |       0.016 |       0.032 |       0.851 |   6.49e-04 |   8.33e-07 |    106 |
|    13.2.26 |       0.015 |       0.031 |       0.846 |   7.06e-06 |   8.24e-07 |    106 |
|    14.1.27 |       0.016 |       0.031 |       0.856 |   5.42e-04 |   7.93e-07 |    106 |
|    14.2.28 |       0.015 |       0.030 |       0.856 |   6.95e-06 |   8.58e-07 |    106 |
|    15.1.29 |       0.016 |       0.035 |       0.867 |   4.53e-04 |   8.63e-07 |    106 |
|    15.2.30 |       0.014 |       0.033 |       0.874 |   6.81e-06 |   9.00e-07 |    108 |
|    16.1.31 |       0.016 |       0.032 |       0.924 |   3.78e-04 |   8.88e-07 |    111 |
|    16.2.32 |       0.015 |       0.031 |       0.917 |   6.59e-06 |   8.68e-07 |    111 |
|    17.1.33 |       0.016 |       0.033 |       1.031 |   3.15e-04 |   8.08e-07 |    115 |
|    17.2.34 |       0.015 |       0.034 |       1.100 |   6.27e-06 |   7.35e-07 |    114 |
|    18.1.35 |       0.018 |       0.035 |       1.047 |   2.61e-04 |   8.04e-07 |    119 |
|    18.2.36 |       0.015 |       0.031 |       1.040 |   5.81e-06 |   9.43e-07 |    120 |
|    19.1.37 |       0.017 |       0.032 |       1.104 |   2.15e-04 |   8.78e-07 |    128 |
|    19.2.38 |       0.014 |       0.031 |       1.121 |   5.23e-06 |   8.95e-07 |    126 |
|    20.1.39 |       0.017 |       0.037 |       1.208 |   1.75e-04 |   9.31e-07 |    134 |
|    20.2.40 |       0.016 |       0.033 |       1.183 |   4.55e-06 |   9.46e-07 |    132 |
|    21.1.41 |       0.021 |       0.039 |       1.439 |   1.41e-04 |   8.85e-07 |    141 |
|    21.2.42 |       0.019 |       0.040 |       1.462 |   3.82e-06 |   9.84e-07 |    139 |
|    22.1.43 |       0.018 |       0.035 |       1.525 |   1.12e-04 |   7.88e-07 |    148 |
|    22.2.44 |       0.015 |       0.032 |       1.329 |   3.08e-06 |   9.89e-07 |    147 |
|    23.1.45 |       0.016 |       0.034 |       1.466 |   8.71e-05 |   8.08e-07 |    154 |
|    23.2.46 |       0.014 |       0.032 |       1.466 |   2.37e-06 |   9.40e-07 |    154 |
|    24.1.47 |       0.015 |       0.035 |       1.759 |   6.60e-05 |   8.17e-07 |    161 |
|    24.2.48 |       0.020 |       0.040 |       1.587 |   1.73e-06 |   8.43e-07 |    161 |
|    25.1.49 |       0.019 |       0.035 |       1.769 |   4.84e-05 |   8.26e-07 |    167 |
|    25.2.50 |       0.017 |       0.034 |       1.660 |   1.17e-06 |   8.94e-07 |    167 |
|    26.1.51 |       0.016 |       0.032 |       1.769 |   3.40e-05 |   9.55e-07 |    174 |
|    27.1.52 |       0.017 |       0.032 |       1.963 |   2.27e-05 |   9.48e-07 |    191 |
|    28.1.53 |       0.016 |       0.033 |       2.215 |   1.03e-05 |   9.20e-07 |    202 |
|    29.1.54 |       0.018 |       0.035 |       2.242 |   2.63e-06 |   9.16e-07 |    206 |
|    30.1.55 |       0.017 |       0.032 |       2.539 |   3.25e-07 |   9.64e-07 |    209 |
+------------+-------------+-------------+-------------+------------+------------+--------+

