
=====================================================
          Lid-Driven Cavity Problem Setup
=====================================================
Physical dimensions:     1 x 1
Grid dimensions (nodes): 256 x 256
Processor topology:      4 x 4
Reynolds number:         1.0e+02
Initial time step:       1.0e-02
Adaptive time stepping:  true
Regularized lid BC:      true
Discretization:          Q1-Q1 stabilized
Final time:              5.0e+01
Visualization:           disabled
Verbosity level:         0x1
=====================================================

Date and time: 2026-06-19 10:00:23

Using HYPREDRV_DEVELOP_STRING: v0.2.0-69-gc1f13f4b5 (aux-space)
Using HYPRE_DEVELOP_STRING: v3.1.0-55-g7e247a231 (master)
---------------------------------------------------------------------------------------
solver: 
  fgmres: 
    max_iter: 500
    krylov_dim: 500
    print_level: 0
    relative_tol: 1.0e-6
preconditioner: 
  ilu: 
    type: bj-ilut
    droptol: 1e-2
---------------------------------------------------------------------------------------
Time step:   1 | Time: 1.0000e-02 [s] | CFL:     2.55 | NL:  1 | Lin:  31 | L2(u)=1.50e+01  L2(v)=0.00e+00  L2(p)=0.00e+00
Time step:   1 | Time: 1.0000e-02 [s] | CFL:     2.55 | NL:  2 | Lin:  84 | L2(u)=4.32e-04  L2(v)=6.78e-05  L2(p)=1.32e-05

Time step:   2 | Time: 2.2000e-02 [s] | CFL:     3.06 | NL:  1 | Lin:  78 | L2(u)=2.10e-02  L2(v)=4.54e-03  L2(p)=1.26e-05
Time step:   2 | Time: 2.2000e-02 [s] | CFL:     3.06 | NL:  2 | Lin:  81 | L2(u)=5.58e-05  L2(v)=1.98e-05  L2(p)=4.50e-06

Time step:   3 | Time: 3.6400e-02 [s] | CFL:     3.67 | NL:  1 | Lin:  77 | L2(u)=8.00e-03  L2(v)=2.43e-03  L2(p)=5.08e-06
Time step:   3 | Time: 3.6400e-02 [s] | CFL:     3.67 | NL:  2 | Lin:  77 | L2(u)=2.52e-05  L2(v)=1.04e-05  L2(p)=2.69e-06

Time step:   4 | Time: 5.3680e-02 [s] | CFL:     4.41 | NL:  1 | Lin:  74 | L2(u)=4.87e-03  L2(v)=1.61e-03  L2(p)=1.18e-06
Time step:   4 | Time: 5.3680e-02 [s] | CFL:     4.41 | NL:  2 | Lin:  76 | L2(u)=1.61e-05  L2(v)=7.33e-06  L2(p)=1.98e-06

Time step:   5 | Time: 7.4416e-02 [s] | CFL:     5.29 | NL:  1 | Lin:  72 | L2(u)=3.41e-03  L2(v)=1.23e-03  L2(p)=5.28e-07
Time step:   5 | Time: 7.4416e-02 [s] | CFL:     5.29 | NL:  2 | Lin:  75 | L2(u)=1.19e-05  L2(v)=5.85e-06  L2(p)=1.58e-06

Time step:   6 | Time: 9.9299e-02 [s] | CFL:     6.35 | NL:  1 | Lin:  72 | L2(u)=2.54e-03  L2(v)=9.90e-04  L2(p)=2.86e-07
Time step:   6 | Time: 9.9299e-02 [s] | CFL:     6.35 | NL:  2 | Lin:  76 | L2(u)=9.71e-06  L2(v)=5.01e-06  L2(p)=1.33e-06

Time step:   7 | Time: 1.2916e-01 [s] | CFL:     7.61 | NL:  1 | Lin:  75 | L2(u)=1.97e-03  L2(v)=8.20e-04  L2(p)=1.71e-07
Time step:   7 | Time: 1.2916e-01 [s] | CFL:     7.61 | NL:  2 | Lin:  78 | L2(u)=8.35e-06  L2(v)=4.50e-06  L2(p)=1.15e-06

Time step:   8 | Time: 1.6499e-01 [s] | CFL:     9.14 | NL:  1 | Lin:  78 | L2(u)=1.56e-03  L2(v)=6.90e-04  L2(p)=1.09e-07
Time step:   8 | Time: 1.6499e-01 [s] | CFL:     9.14 | NL:  2 | Lin:  81 | L2(u)=7.48e-06  L2(v)=4.19e-06  L2(p)=1.02e-06

Time step:   9 | Time: 2.0799e-01 [s] | CFL:    10.96 | NL:  1 | Lin:  81 | L2(u)=1.25e-03  L2(v)=5.88e-04  L2(p)=7.29e-08
Time step:   9 | Time: 2.0799e-01 [s] | CFL:    10.96 | NL:  2 | Lin:  83 | L2(u)=6.90e-06  L2(v)=4.00e-06  L2(p)=9.16e-07

Time step:  10 | Time: 2.5959e-01 [s] | CFL:    13.16 | NL:  1 | Lin:  82 | L2(u)=1.02e-03  L2(v)=5.06e-04  L2(p)=5.08e-08
Time step:  10 | Time: 2.5959e-01 [s] | CFL:    13.16 | NL:  2 | Lin:  86 | L2(u)=6.50e-06  L2(v)=3.89e-06  L2(p)=8.37e-07

Time step:  11 | Time: 3.2150e-01 [s] | CFL:    15.79 | NL:  1 | Lin:  89 | L2(u)=8.30e-04  L2(v)=4.37e-04  L2(p)=3.68e-08
Time step:  11 | Time: 3.2150e-01 [s] | CFL:    15.79 | NL:  2 | Lin:  89 | L2(u)=6.22e-06  L2(v)=3.85e-06  L2(p)=7.73e-07

Time step:  12 | Time: 3.9581e-01 [s] | CFL:    18.95 | NL:  1 | Lin:  94 | L2(u)=6.81e-04  L2(v)=3.79e-04  L2(p)=2.77e-08
Time step:  12 | Time: 3.9581e-01 [s] | CFL:    18.95 | NL:  2 | Lin:  94 | L2(u)=6.03e-06  L2(v)=3.85e-06  L2(p)=7.20e-07

Time step:  13 | Time: 4.8497e-01 [s] | CFL:    22.74 | NL:  1 | Lin:  98 | L2(u)=5.59e-04  L2(v)=3.30e-04  L2(p)=2.18e-08
Time step:  13 | Time: 4.8497e-01 [s] | CFL:    22.74 | NL:  2 | Lin:  99 | L2(u)=5.87e-06  L2(v)=3.87e-06  L2(p)=6.75e-07

Time step:  14 | Time: 5.9196e-01 [s] | CFL:    27.28 | NL:  1 | Lin: 105 | L2(u)=4.60e-04  L2(v)=2.87e-04  L2(p)=1.79e-08
Time step:  14 | Time: 5.9196e-01 [s] | CFL:    27.28 | NL:  2 | Lin: 105 | L2(u)=5.72e-06  L2(v)=3.90e-06  L2(p)=6.36e-07

Time step:  15 | Time: 7.2035e-01 [s] | CFL:    32.74 | NL:  1 | Lin: 111 | L2(u)=3.77e-04  L2(v)=2.50e-04  L2(p)=1.53e-08
Time step:  15 | Time: 7.2035e-01 [s] | CFL:    32.74 | NL:  2 | Lin: 111 | L2(u)=5.54e-06  L2(v)=3.91e-06  L2(p)=6.00e-07

Time step:  16 | Time: 8.7442e-01 [s] | CFL:    39.29 | NL:  1 | Lin: 118 | L2(u)=3.09e-04  L2(v)=2.17e-04  L2(p)=1.34e-08
Time step:  16 | Time: 8.7442e-01 [s] | CFL:    39.29 | NL:  2 | Lin: 117 | L2(u)=5.30e-06  L2(v)=3.88e-06  L2(p)=5.64e-07

Time step:  17 | Time: 1.0593e+00 [s] | CFL:    47.15 | NL:  1 | Lin: 124 | L2(u)=2.52e-04  L2(v)=1.88e-04  L2(p)=1.19e-08
Time step:  17 | Time: 1.0593e+00 [s] | CFL:    47.15 | NL:  2 | Lin: 123 | L2(u)=4.96e-06  L2(v)=3.79e-06  L2(p)=5.27e-07

Time step:  18 | Time: 1.2812e+00 [s] | CFL:    56.57 | NL:  1 | Lin: 130 | L2(u)=2.05e-04  L2(v)=1.61e-04  L2(p)=1.05e-08
Time step:  18 | Time: 1.2812e+00 [s] | CFL:    56.57 | NL:  2 | Lin: 127 | L2(u)=4.53e-06  L2(v)=3.60e-06  L2(p)=4.87e-07

Time step:  19 | Time: 1.5474e+00 [s] | CFL:    67.89 | NL:  1 | Lin: 136 | L2(u)=1.66e-04  L2(v)=1.36e-04  L2(p)=9.18e-09
Time step:  19 | Time: 1.5474e+00 [s] | CFL:    67.89 | NL:  2 | Lin: 133 | L2(u)=4.02e-06  L2(v)=3.31e-06  L2(p)=4.41e-07

Time step:  20 | Time: 1.8669e+00 [s] | CFL:    81.47 | NL:  1 | Lin: 142 | L2(u)=1.34e-04  L2(v)=1.13e-04  L2(p)=7.83e-09
Time step:  20 | Time: 1.8669e+00 [s] | CFL:    81.47 | NL:  2 | Lin: 137 | L2(u)=3.47e-06  L2(v)=2.92e-06  L2(p)=3.90e-07

Time step:  21 | Time: 2.2503e+00 [s] | CFL:    97.76 | NL:  1 | Lin: 147 | L2(u)=1.07e-04  L2(v)=9.20e-05  L2(p)=6.53e-09
Time step:  21 | Time: 2.2503e+00 [s] | CFL:    97.76 | NL:  2 | Lin: 143 | L2(u)=2.89e-06  L2(v)=2.47e-06  L2(p)=3.38e-07

Time step:  22 | Time: 2.7103e+00 [s] | CFL:   117.31 | NL:  1 | Lin: 152 | L2(u)=8.46e-05  L2(v)=7.34e-05  L2(p)=5.31e-09
Time step:  22 | Time: 2.7103e+00 [s] | CFL:   117.31 | NL:  2 | Lin: 151 | L2(u)=2.33e-06  L2(v)=2.00e-06  L2(p)=2.87e-07

Time step:  23 | Time: 3.2624e+00 [s] | CFL:   140.78 | NL:  1 | Lin: 156 | L2(u)=6.56e-05  L2(v)=5.72e-05  L2(p)=4.21e-09
Time step:  23 | Time: 3.2624e+00 [s] | CFL:   140.78 | NL:  2 | Lin: 158 | L2(u)=1.79e-06  L2(v)=1.54e-06  L2(p)=2.39e-07

Time step:  24 | Time: 3.9248e+00 [s] | CFL:   168.93 | NL:  1 | Lin: 164 | L2(u)=4.97e-05  L2(v)=4.35e-05  L2(p)=3.22e-09
Time step:  24 | Time: 3.9248e+00 [s] | CFL:   168.93 | NL:  2 | Lin: 163 | L2(u)=1.30e-06  L2(v)=1.12e-06  L2(p)=1.95e-07

Time step:  25 | Time: 4.7198e+00 [s] | CFL:   202.72 | NL:  1 | Lin: 170 | L2(u)=3.63e-05  L2(v)=3.20e-05  L2(p)=2.33e-09
Time step:  25 | Time: 4.7198e+00 [s] | CFL:   202.72 | NL:  2 | Lin: 169 | L2(u)=8.70e-07  L2(v)=7.65e-07  L2(p)=1.55e-07

Time step:  26 | Time: 5.6738e+00 [s] | CFL:   243.26 | NL:  1 | Lin: 176 | L2(u)=2.54e-05  L2(v)=2.26e-05  L2(p)=1.58e-09
Time step:  27 | Time: 7.9633e+00 [s] | CFL:   583.82 | NL:  1 | Lin: 194 | L2(u)=1.69e-05  L2(v)=1.52e-05  L2(p)=1.18e-07
Time step:  28 | Time: 1.3458e+01 [s] | CFL:  1401.18 | NL:  1 | Lin: 207 | L2(u)=7.61e-06  L2(v)=6.94e-06  L2(p)=1.24e-07
Time step:  29 | Time: 2.6646e+01 [s] | CFL:  3362.83 | NL:  1 | Lin: 212 | L2(u)=1.93e-06  L2(v)=1.78e-06  L2(p)=7.38e-08
Time step:  30 | Time: 5.0000e+01 [s] | CFL:  5955.35 | NL:  1 | Lin: 214 | L2(u)=2.38e-07  L2(v)=2.20e-07  L2(p)=2.15e-08

Final kinetic energy: 3.453054e-02

Aggregate Summary:
--------------------------------------------------------------
Total number of Non-linear iterations: 55
Total number of linear iterations:     3387
Avg. LS iterations:                    61.58
Avg. LS times: (setup, solve, total):  0.0301, 0.4772, 0.5073
Total LS times: (setup, solve, total): 1.6559, 26.2440, 27.9000
Avg. LS iterations per timestep:       112.90
Avg. LS times per timestep: (s, s, t): 0.0552, 0.8748, 0.9300
--------------------------------------------------------------

=======================================================================================


STATISTICS SUMMARY:

+------------+-------------+-------------+-------------+------------+------------+--------+
|            |    LS build |       setup |       solve |    initial |   relative |        |
|       Path |   times [s] |   times [s] |   times [s] |  res. norm |  res. norm |  iters |
+------------+-------------+-------------+-------------+------------+------------+--------+
|      1.1.1 |       0.021 |       0.043 |       0.166 |   1.50e+01 |   7.08e-07 |     31 |
|      1.2.2 |       0.015 |       0.039 |       0.584 |   4.37e-04 |   7.99e-07 |     84 |
|      2.1.3 |       0.015 |       0.039 |       0.555 |   2.14e-02 |   9.61e-07 |     78 |
|      2.2.4 |       0.016 |       0.039 |       0.567 |   5.94e-05 |   7.92e-07 |     81 |
|      3.1.5 |       0.016 |       0.041 |       0.527 |   8.36e-03 |   8.14e-07 |     77 |
|      3.2.6 |       0.018 |       0.039 |       0.550 |   2.74e-05 |   8.46e-07 |     77 |
|      4.1.7 |       0.018 |       0.047 |       0.565 |   5.13e-03 |   9.83e-07 |     74 |
|      4.2.8 |       0.018 |       0.044 |       0.552 |   1.78e-05 |   8.45e-07 |     76 |
|      5.1.9 |       0.016 |       0.043 |       0.514 |   3.62e-03 |   7.37e-07 |     72 |
|     5.2.10 |       0.019 |       0.049 |       0.549 |   1.34e-05 |   9.93e-07 |     75 |
|     6.1.11 |       0.017 |       0.047 |       0.541 |   2.73e-03 |   7.75e-07 |     72 |
|     6.2.12 |       0.020 |       0.043 |       0.565 |   1.10e-05 |   6.39e-07 |     76 |
|     7.1.13 |       0.017 |       0.046 |       0.537 |   2.13e-03 |   7.25e-07 |     75 |
|     7.2.14 |       0.018 |       0.043 |       0.572 |   9.56e-06 |   6.37e-07 |     78 |
|     8.1.15 |       0.018 |       0.045 |       0.564 |   1.70e-03 |   8.82e-07 |     78 |
|     8.2.16 |       0.017 |       0.044 |       0.588 |   8.63e-06 |   7.49e-07 |     81 |
|     9.1.17 |       0.015 |       0.044 |       0.599 |   1.38e-03 |   7.99e-07 |     81 |
|     9.2.18 |       0.017 |       0.047 |       0.609 |   8.02e-06 |   7.73e-07 |     83 |
|    10.1.19 |       0.015 |       0.046 |       0.640 |   1.14e-03 |   9.35e-07 |     82 |
|    10.2.20 |       0.019 |       0.043 |       0.642 |   7.62e-06 |   8.70e-07 |     86 |
|    11.1.21 |       0.016 |       0.044 |       0.661 |   9.38e-04 |   9.66e-07 |     89 |
|    11.2.22 |       0.018 |       0.043 |       0.681 |   7.36e-06 |   9.70e-07 |     89 |
|    12.1.23 |       0.018 |       0.043 |       0.721 |   7.79e-04 |   8.14e-07 |     94 |
|    12.2.24 |       0.018 |       0.045 |       0.735 |   7.18e-06 |   9.18e-07 |     94 |
|    13.1.25 |       0.016 |       0.044 |       0.756 |   6.49e-04 |   9.17e-07 |     98 |
|    13.2.26 |       0.017 |       0.045 |       0.760 |   7.06e-06 |   9.89e-07 |     99 |
|    14.1.27 |       0.016 |       0.044 |       0.816 |   5.42e-04 |   8.84e-07 |    105 |
|    14.2.28 |       0.016 |       0.045 |       0.825 |   6.95e-06 |   8.94e-07 |    105 |
|    15.1.29 |       0.017 |       0.048 |       0.902 |   4.53e-04 |   8.44e-07 |    111 |
|    15.2.30 |       0.015 |       0.044 |       0.884 |   6.81e-06 |   7.88e-07 |    111 |
|    16.1.31 |       0.016 |       0.046 |       0.959 |   3.78e-04 |   8.86e-07 |    118 |
|    16.2.32 |       0.017 |       0.045 |       0.959 |   6.59e-06 |   9.27e-07 |    117 |
|    17.1.33 |       0.015 |       0.045 |       1.066 |   3.15e-04 |   8.80e-07 |    124 |
|    17.2.34 |       0.019 |       0.053 |       1.085 |   6.27e-06 |   8.04e-07 |    123 |
|    18.1.35 |       0.018 |       0.052 |       1.170 |   2.61e-04 |   9.32e-07 |    130 |
|    18.2.36 |       0.019 |       0.054 |       1.116 |   5.81e-06 |   9.55e-07 |    127 |
|    19.1.37 |       0.015 |       0.045 |       1.162 |   2.15e-04 |   9.09e-07 |    136 |
|    19.2.38 |       0.016 |       0.045 |       1.121 |   5.23e-06 |   7.81e-07 |    133 |
|    20.1.39 |       0.016 |       0.047 |       1.227 |   1.75e-04 |   8.01e-07 |    142 |
|    20.2.40 |       0.017 |       0.047 |       1.153 |   4.55e-06 |   9.62e-07 |    137 |
|    21.1.41 |       0.016 |       0.051 |       1.273 |   1.41e-04 |   8.55e-07 |    147 |
|    21.2.42 |       0.017 |       0.048 |       1.220 |   3.82e-06 |   8.85e-07 |    143 |
|    22.1.43 |       0.016 |       0.046 |       1.343 |   1.12e-04 |   8.58e-07 |    152 |
|    22.2.44 |       0.016 |       0.048 |       1.335 |   3.08e-06 |   9.25e-07 |    151 |
|    23.1.45 |       0.016 |       0.045 |       1.381 |   8.71e-05 |   9.06e-07 |    156 |
|    23.2.46 |       0.019 |       0.046 |       1.408 |   2.37e-06 |   8.70e-07 |    158 |
|    24.1.47 |       0.016 |       0.047 |       1.512 |   6.60e-05 |   9.02e-07 |    164 |
|    24.2.48 |       0.016 |       0.047 |       1.505 |   1.73e-06 |   9.77e-07 |    163 |
|    25.1.49 |       0.016 |       0.046 |       1.586 |   4.84e-05 |   9.25e-07 |    170 |
|    25.2.50 |       0.017 |       0.047 |       1.588 |   1.17e-06 |   8.43e-07 |    169 |
|    26.1.51 |       0.016 |       0.047 |       1.654 |   3.40e-05 |   8.51e-07 |    176 |
|    27.1.52 |       0.015 |       0.049 |       1.924 |   2.27e-05 |   9.42e-07 |    194 |
|    28.1.53 |       0.015 |       0.049 |       2.133 |   1.03e-05 |   8.86e-07 |    207 |
|    29.1.54 |       0.017 |       0.056 |       2.245 |   2.63e-06 |   9.32e-07 |    212 |
|    30.1.55 |       0.017 |       0.046 |       2.240 |   3.25e-07 |   9.22e-07 |    214 |
+------------+-------------+-------------+-------------+------------+------------+--------+

