
=====================================================
          Lid-Driven Cavity Problem Setup
=====================================================
Physical dimensions:     1 x 1
Grid dimensions (nodes): 256 x 256
Processor topology:      4 x 4
Reynolds number:         1.0e+02
Initial time step:       1.0e-02
Adaptive time stepping:  true
Regularized lid BC:      true
Discretization:          Q1-Q1 stabilized
Final time:              5.0e+01
Visualization:           disabled
Verbosity level:         0x1
=====================================================

Date and time: 2026-06-19 09:58:37

Using HYPREDRV_DEVELOP_STRING: v0.2.0-69-gc1f13f4b5 (aux-space)
Using HYPRE_DEVELOP_STRING: v3.1.0-55-g7e247a231 (master)
---------------------------------------------------------------------------------------
solver: 
  fgmres: 
    max_iter: 500
    krylov_dim: 500
    print_level: 0
    relative_tol: 1.0e-6
preconditioner: 
  ilu: 
    type: bj-iluk
    fill_level: 1
---------------------------------------------------------------------------------------
Time step:   1 | Time: 1.0000e-02 [s] | CFL:     2.55 | NL:  1 | Lin:  42 | L2(u)=1.50e+01  L2(v)=0.00e+00  L2(p)=0.00e+00
Time step:   1 | Time: 1.0000e-02 [s] | CFL:     2.55 | NL:  2 | Lin: 118 | L2(u)=4.32e-04  L2(v)=6.78e-05  L2(p)=1.37e-05

Time step:   2 | Time: 2.2000e-02 [s] | CFL:     3.06 | NL:  1 | Lin: 114 | L2(u)=2.10e-02  L2(v)=4.54e-03  L2(p)=1.26e-05
Time step:   2 | Time: 2.2000e-02 [s] | CFL:     3.06 | NL:  2 | Lin: 118 | L2(u)=5.58e-05  L2(v)=1.98e-05  L2(p)=4.50e-06

Time step:   3 | Time: 3.6400e-02 [s] | CFL:     3.67 | NL:  1 | Lin: 115 | L2(u)=8.00e-03  L2(v)=2.43e-03  L2(p)=5.08e-06
Time step:   3 | Time: 3.6400e-02 [s] | CFL:     3.67 | NL:  2 | Lin: 119 | L2(u)=2.52e-05  L2(v)=1.04e-05  L2(p)=2.69e-06

Time step:   4 | Time: 5.3680e-02 [s] | CFL:     4.41 | NL:  1 | Lin: 111 | L2(u)=4.87e-03  L2(v)=1.61e-03  L2(p)=1.18e-06
Time step:   4 | Time: 5.3680e-02 [s] | CFL:     4.41 | NL:  2 | Lin: 117 | L2(u)=1.61e-05  L2(v)=7.33e-06  L2(p)=1.98e-06

Time step:   5 | Time: 7.4416e-02 [s] | CFL:     5.29 | NL:  1 | Lin: 117 | L2(u)=3.41e-03  L2(v)=1.23e-03  L2(p)=5.28e-07
Time step:   5 | Time: 7.4416e-02 [s] | CFL:     5.29 | NL:  2 | Lin: 122 | L2(u)=1.19e-05  L2(v)=5.85e-06  L2(p)=1.58e-06

Time step:   6 | Time: 9.9299e-02 [s] | CFL:     6.35 | NL:  1 | Lin: 121 | L2(u)=2.54e-03  L2(v)=9.90e-04  L2(p)=2.86e-07
Time step:   6 | Time: 9.9299e-02 [s] | CFL:     6.35 | NL:  2 | Lin: 125 | L2(u)=9.71e-06  L2(v)=5.01e-06  L2(p)=1.33e-06

Time step:   7 | Time: 1.2916e-01 [s] | CFL:     7.61 | NL:  1 | Lin: 125 | L2(u)=1.97e-03  L2(v)=8.20e-04  L2(p)=1.71e-07
Time step:   7 | Time: 1.2916e-01 [s] | CFL:     7.61 | NL:  2 | Lin: 130 | L2(u)=8.35e-06  L2(v)=4.50e-06  L2(p)=1.15e-06

Time step:   8 | Time: 1.6499e-01 [s] | CFL:     9.14 | NL:  1 | Lin: 135 | L2(u)=1.56e-03  L2(v)=6.90e-04  L2(p)=1.09e-07
Time step:   8 | Time: 1.6499e-01 [s] | CFL:     9.14 | NL:  2 | Lin: 139 | L2(u)=7.48e-06  L2(v)=4.19e-06  L2(p)=1.02e-06

Time step:   9 | Time: 2.0799e-01 [s] | CFL:    10.96 | NL:  1 | Lin: 142 | L2(u)=1.25e-03  L2(v)=5.88e-04  L2(p)=7.29e-08
Time step:   9 | Time: 2.0799e-01 [s] | CFL:    10.96 | NL:  2 | Lin: 144 | L2(u)=6.90e-06  L2(v)=4.00e-06  L2(p)=9.16e-07

Time step:  10 | Time: 2.5959e-01 [s] | CFL:    13.16 | NL:  1 | Lin: 147 | L2(u)=1.02e-03  L2(v)=5.06e-04  L2(p)=5.08e-08
Time step:  10 | Time: 2.5959e-01 [s] | CFL:    13.16 | NL:  2 | Lin: 151 | L2(u)=6.50e-06  L2(v)=3.89e-06  L2(p)=8.37e-07

Time step:  11 | Time: 3.2150e-01 [s] | CFL:    15.79 | NL:  1 | Lin: 159 | L2(u)=8.30e-04  L2(v)=4.37e-04  L2(p)=3.68e-08
Time step:  11 | Time: 3.2150e-01 [s] | CFL:    15.79 | NL:  2 | Lin: 159 | L2(u)=6.22e-06  L2(v)=3.85e-06  L2(p)=7.73e-07

Time step:  12 | Time: 3.9581e-01 [s] | CFL:    18.95 | NL:  1 | Lin: 169 | L2(u)=6.81e-04  L2(v)=3.79e-04  L2(p)=2.77e-08
Time step:  12 | Time: 3.9581e-01 [s] | CFL:    18.95 | NL:  2 | Lin: 168 | L2(u)=6.03e-06  L2(v)=3.85e-06  L2(p)=7.20e-07

Time step:  13 | Time: 4.8497e-01 [s] | CFL:    22.74 | NL:  1 | Lin: 181 | L2(u)=5.59e-04  L2(v)=3.30e-04  L2(p)=2.18e-08
Time step:  13 | Time: 4.8497e-01 [s] | CFL:    22.74 | NL:  2 | Lin: 180 | L2(u)=5.87e-06  L2(v)=3.87e-06  L2(p)=6.75e-07

Time step:  14 | Time: 5.9196e-01 [s] | CFL:    27.28 | NL:  1 | Lin: 193 | L2(u)=4.60e-04  L2(v)=2.87e-04  L2(p)=1.79e-08
Time step:  14 | Time: 5.9196e-01 [s] | CFL:    27.28 | NL:  2 | Lin: 193 | L2(u)=5.72e-06  L2(v)=3.90e-06  L2(p)=6.36e-07

Time step:  15 | Time: 7.2035e-01 [s] | CFL:    32.74 | NL:  1 | Lin: 203 | L2(u)=3.77e-04  L2(v)=2.50e-04  L2(p)=1.53e-08
Time step:  15 | Time: 7.2035e-01 [s] | CFL:    32.74 | NL:  2 | Lin: 205 | L2(u)=5.54e-06  L2(v)=3.91e-06  L2(p)=6.00e-07

Time step:  16 | Time: 8.7442e-01 [s] | CFL:    39.29 | NL:  1 | Lin: 216 | L2(u)=3.09e-04  L2(v)=2.17e-04  L2(p)=1.34e-08
Time step:  16 | Time: 8.7442e-01 [s] | CFL:    39.29 | NL:  2 | Lin: 217 | L2(u)=5.30e-06  L2(v)=3.88e-06  L2(p)=5.64e-07

Time step:  17 | Time: 1.0593e+00 [s] | CFL:    47.15 | NL:  1 | Lin: 230 | L2(u)=2.52e-04  L2(v)=1.88e-04  L2(p)=1.19e-08
Time step:  17 | Time: 1.0593e+00 [s] | CFL:    47.15 | NL:  2 | Lin: 229 | L2(u)=4.96e-06  L2(v)=3.79e-06  L2(p)=5.27e-07

Time step:  18 | Time: 1.2812e+00 [s] | CFL:    56.57 | NL:  1 | Lin: 242 | L2(u)=2.05e-04  L2(v)=1.61e-04  L2(p)=1.05e-08
Time step:  18 | Time: 1.2812e+00 [s] | CFL:    56.57 | NL:  2 | Lin: 241 | L2(u)=4.53e-06  L2(v)=3.60e-06  L2(p)=4.87e-07

Time step:  19 | Time: 1.5474e+00 [s] | CFL:    67.89 | NL:  1 | Lin: 254 | L2(u)=1.66e-04  L2(v)=1.36e-04  L2(p)=9.18e-09
Time step:  19 | Time: 1.5474e+00 [s] | CFL:    67.89 | NL:  2 | Lin: 253 | L2(u)=4.02e-06  L2(v)=3.31e-06  L2(p)=4.41e-07

Time step:  20 | Time: 1.8669e+00 [s] | CFL:    81.47 | NL:  1 | Lin: 265 | L2(u)=1.34e-04  L2(v)=1.13e-04  L2(p)=7.83e-09
Time step:  20 | Time: 1.8669e+00 [s] | CFL:    81.47 | NL:  2 | Lin: 265 | L2(u)=3.47e-06  L2(v)=2.92e-06  L2(p)=3.90e-07

Time step:  21 | Time: 2.2503e+00 [s] | CFL:    97.76 | NL:  1 | Lin: 275 | L2(u)=1.07e-04  L2(v)=9.20e-05  L2(p)=6.53e-09
Time step:  21 | Time: 2.2503e+00 [s] | CFL:    97.76 | NL:  2 | Lin: 275 | L2(u)=2.89e-06  L2(v)=2.47e-06  L2(p)=3.38e-07

Time step:  22 | Time: 2.7103e+00 [s] | CFL:   117.31 | NL:  1 | Lin: 287 | L2(u)=8.46e-05  L2(v)=7.34e-05  L2(p)=5.31e-09
Time step:  22 | Time: 2.7103e+00 [s] | CFL:   117.31 | NL:  2 | Lin: 288 | L2(u)=2.33e-06  L2(v)=2.00e-06  L2(p)=2.87e-07

Time step:  23 | Time: 3.2624e+00 [s] | CFL:   140.78 | NL:  1 | Lin: 297 | L2(u)=6.56e-05  L2(v)=5.72e-05  L2(p)=4.21e-09
Time step:  23 | Time: 3.2624e+00 [s] | CFL:   140.78 | NL:  2 | Lin: 299 | L2(u)=1.79e-06  L2(v)=1.54e-06  L2(p)=2.39e-07

Time step:  24 | Time: 3.9248e+00 [s] | CFL:   168.93 | NL:  1 | Lin: 310 | L2(u)=4.97e-05  L2(v)=4.35e-05  L2(p)=3.22e-09
Time step:  24 | Time: 3.9248e+00 [s] | CFL:   168.93 | NL:  2 | Lin: 310 | L2(u)=1.30e-06  L2(v)=1.12e-06  L2(p)=1.95e-07

Time step:  25 | Time: 4.7198e+00 [s] | CFL:   202.72 | NL:  1 | Lin: 322 | L2(u)=3.63e-05  L2(v)=3.20e-05  L2(p)=2.33e-09
Time step:  25 | Time: 4.7198e+00 [s] | CFL:   202.72 | NL:  2 | Lin: 324 | L2(u)=8.70e-07  L2(v)=7.65e-07  L2(p)=1.55e-07

Time step:  26 | Time: 5.6738e+00 [s] | CFL:   243.26 | NL:  1 | Lin: 334 | L2(u)=2.54e-05  L2(v)=2.26e-05  L2(p)=1.58e-09
Time step:  27 | Time: 7.9633e+00 [s] | CFL:   583.82 | NL:  1 | Lin: 376 | L2(u)=1.69e-05  L2(v)=1.52e-05  L2(p)=1.18e-07
Time step:  28 | Time: 1.3458e+01 [s] | CFL:  1401.18 | NL:  1 | Lin: 397 | L2(u)=7.61e-06  L2(v)=6.94e-06  L2(p)=1.24e-07
Time step:  29 | Time: 2.6646e+01 [s] | CFL:  3362.83 | NL:  1 | Lin: 402 | L2(u)=1.93e-06  L2(v)=1.78e-06  L2(p)=7.38e-08
Time step:  30 | Time: 5.0000e+01 [s] | CFL:  5955.35 | NL:  1 | Lin: 406 | L2(u)=2.38e-07  L2(v)=2.20e-07  L2(p)=2.15e-08

Final kinetic energy: 3.453054e-02

Aggregate Summary:
--------------------------------------------------------------
Total number of Non-linear iterations: 55
Total number of linear iterations:     5891
Avg. LS iterations:                    107.11
Avg. LS times: (setup, solve, total):  0.0090, 0.7879, 0.7969
Total LS times: (setup, solve, total): 0.4964, 43.3349, 43.8313
Avg. LS iterations per timestep:       196.37
Avg. LS times per timestep: (s, s, t): 0.0165, 1.4445, 1.4610
--------------------------------------------------------------

=======================================================================================


STATISTICS SUMMARY:

+------------+-------------+-------------+-------------+------------+------------+--------+
|            |    LS build |       setup |       solve |    initial |   relative |        |
|       Path |   times [s] |   times [s] |   times [s] |  res. norm |  res. norm |  iters |
+------------+-------------+-------------+-------------+------------+------------+--------+
|      1.1.1 |       0.018 |       0.017 |       0.173 |   1.50e+01 |   9.42e-07 |     42 |
|      1.2.2 |       0.014 |       0.012 |       0.733 |   4.37e-04 |   8.57e-07 |    118 |
|      2.1.3 |       0.016 |       0.015 |       0.705 |   2.14e-02 |   9.44e-07 |    114 |
|      2.2.4 |       0.019 |       0.012 |       0.738 |   5.94e-05 |   7.47e-07 |    118 |
|      3.1.5 |       0.016 |       0.012 |       0.710 |   8.36e-03 |   8.33e-07 |    115 |
|      3.2.6 |       0.017 |       0.012 |       0.738 |   2.74e-05 |   7.70e-07 |    119 |
|      4.1.7 |       0.018 |       0.017 |       0.685 |   5.13e-03 |   8.52e-07 |    111 |
|      4.2.8 |       0.018 |       0.012 |       0.724 |   1.78e-05 |   8.03e-07 |    117 |
|      5.1.9 |       0.015 |       0.012 |       0.772 |   3.62e-03 |   9.78e-07 |    117 |
|     5.2.10 |       0.019 |       0.019 |       0.796 |   1.34e-05 |   9.41e-07 |    122 |
|     6.1.11 |       0.018 |       0.019 |       0.833 |   2.73e-03 |   8.25e-07 |    121 |
|     6.2.12 |       0.021 |       0.018 |       0.849 |   1.10e-05 |   9.88e-07 |    125 |
|     7.1.13 |       0.019 |       0.019 |       0.845 |   2.13e-03 |   9.54e-07 |    125 |
|     7.2.14 |       0.019 |       0.012 |       0.842 |   9.56e-06 |   9.37e-07 |    130 |
|     8.1.15 |       0.016 |       0.012 |       0.874 |   1.70e-03 |   9.65e-07 |    135 |
|     8.2.16 |       0.016 |       0.012 |       0.919 |   8.63e-06 |   8.25e-07 |    139 |
|     9.1.17 |       0.015 |       0.012 |       0.945 |   1.38e-03 |   9.15e-07 |    142 |
|     9.2.18 |       0.016 |       0.012 |       0.964 |   8.02e-06 |   8.58e-07 |    144 |
|    10.1.19 |       0.015 |       0.012 |       0.985 |   1.14e-03 |   8.64e-07 |    147 |
|    10.2.20 |       0.016 |       0.012 |       1.025 |   7.62e-06 |   8.52e-07 |    151 |
|    11.1.21 |       0.015 |       0.012 |       1.116 |   9.38e-04 |   9.01e-07 |    159 |
|    11.2.22 |       0.016 |       0.012 |       1.128 |   7.36e-06 |   9.49e-07 |    159 |
|    12.1.23 |       0.016 |       0.012 |       1.223 |   7.79e-04 |   8.44e-07 |    169 |
|    12.2.24 |       0.016 |       0.012 |       1.181 |   7.18e-06 |   9.40e-07 |    168 |
|    13.1.25 |       0.015 |       0.012 |       1.328 |   6.49e-04 |   8.44e-07 |    181 |
|    13.2.26 |       0.016 |       0.012 |       1.319 |   7.06e-06 |   9.06e-07 |    180 |
|    14.1.27 |       0.017 |       0.016 |       1.500 |   5.42e-04 |   8.33e-07 |    193 |
|    14.2.28 |       0.016 |       0.012 |       1.479 |   6.95e-06 |   9.87e-07 |    193 |
|    15.1.29 |       0.015 |       0.012 |       1.600 |   4.53e-04 |   9.46e-07 |    203 |
|    15.2.30 |       0.016 |       0.012 |       1.647 |   6.81e-06 |   9.10e-07 |    205 |
|    16.1.31 |       0.015 |       0.013 |       1.775 |   3.78e-04 |   9.28e-07 |    216 |
|    16.2.32 |       0.015 |       0.012 |       1.795 |   6.59e-06 |   9.07e-07 |    217 |
|    17.1.33 |       0.015 |       0.012 |       1.953 |   3.15e-04 |   9.07e-07 |    230 |
|    17.2.34 |       0.017 |       0.014 |       1.944 |   6.27e-06 |   9.70e-07 |    229 |
|    18.1.35 |       0.015 |       0.012 |       2.141 |   2.61e-04 |   9.30e-07 |    242 |
|    18.2.36 |       0.017 |       0.016 |       2.106 |   5.81e-06 |   9.00e-07 |    241 |
|    19.1.37 |       0.016 |       0.012 |       2.245 |   2.15e-04 |   8.81e-07 |    254 |
|    19.2.38 |       0.016 |       0.012 |       2.259 |   5.23e-06 |   9.64e-07 |    253 |
|    20.1.39 |       0.016 |       0.014 |       2.465 |   1.75e-04 |   8.89e-07 |    265 |
|    20.2.40 |       0.018 |       0.012 |       2.445 |   4.55e-06 |   9.96e-07 |    265 |
|    21.1.41 |       0.016 |       0.012 |       2.602 |   1.41e-04 |   9.47e-07 |    275 |
|    21.2.42 |       0.016 |       0.012 |       2.628 |   3.82e-06 |   9.24e-07 |    275 |
|    22.1.43 |       0.016 |       0.012 |       2.786 |   1.12e-04 |   8.81e-07 |    287 |
|    22.2.44 |       0.016 |       0.012 |       2.769 |   3.08e-06 |   9.58e-07 |    288 |
|    23.1.45 |       0.016 |       0.012 |       2.924 |   8.71e-05 |   9.88e-07 |    297 |
|    23.2.46 |       0.016 |       0.012 |       3.023 |   2.37e-06 |   9.56e-07 |    299 |
|    24.1.47 |       0.016 |       0.012 |       3.161 |   6.60e-05 |   9.13e-07 |    310 |
|    24.2.48 |       0.016 |       0.012 |       3.132 |   1.73e-06 |   9.80e-07 |    310 |
|    25.1.49 |       0.015 |       0.012 |       3.320 |   4.84e-05 |   9.21e-07 |    322 |
|    25.2.50 |       0.016 |       0.012 |       3.349 |   1.17e-06 |   9.61e-07 |    324 |
|    26.1.51 |       0.016 |       0.012 |       3.765 |   3.40e-05 |   9.42e-07 |    334 |
|    27.1.52 |       0.015 |       0.012 |       4.357 |   2.27e-05 |   9.26e-07 |    376 |
|    28.1.53 |       0.016 |       0.012 |       4.707 |   1.03e-05 |   9.03e-07 |    397 |
|    29.1.54 |       0.016 |       0.012 |       4.950 |   2.63e-06 |   9.96e-07 |    402 |
|    30.1.55 |       0.019 |       0.016 |       5.053 |   3.25e-07 |   9.92e-07 |    406 |
+------------+-------------+-------------+-------------+------------+------------+--------+

