
=====================================================
          Lid-Driven Cavity Problem Setup
=====================================================
Physical dimensions:     1 x 1
Grid dimensions (nodes): 256 x 256
Processor topology:      4 x 4
Reynolds number:         1.0e+02
Initial time step:       1.0e-02
Adaptive time stepping:  true
Regularized lid BC:      true
Discretization:          Q1-Q1 stabilized
Final time:              5.0e+01
Visualization:           disabled
Verbosity level:         0x1
=====================================================

Date and time: 2026-06-19 10:02:32

Using HYPREDRV_DEVELOP_STRING: v0.2.0-69-gc1f13f4b5 (aux-space)
Using HYPRE_DEVELOP_STRING: v3.1.0-55-g7e247a231 (master)
---------------------------------------------------------------------------------------
linear_system: 
  dof_labels: 
    v_x: 0
    v_y: 1
    p: 2
solver: 
  fgmres: 
    max_iter: 200
    krylov_dim: 200
    print_level: 0
    relative_tol: 1.0e-6
preconditioner: 
  mgr: 
    tolerance: 0.0
    max_iter: 1
    print_level: 0
    coarse_th: 0.0
    level: 
      0: 
        f_dofs: [v_x, v_y]
        f_relaxation: 
          amg: 
            print_level: 0
            max_iter: 1
            coarsening: 
              strong_th: 0.5
              num_functions: 2
        g_relaxation: none
        restriction_type: injection
        prolongation_type: blk-absrowsum
        coarse_level_type: galerkin
    coarsest_level: 
      amg: 
        max_iter: 1
        print_level: 0
        coarsening: 
          strong_th: 0.9
          num_functions: 1
---------------------------------------------------------------------------------------
Time step:   1 | Time: 1.0000e-02 [s] | CFL:     2.55 | NL:  1 | Lin:  12 | L2(u)=1.50e+01  L2(v)=0.00e+00  L2(p)=0.00e+00
Time step:   1 | Time: 1.0000e-02 [s] | CFL:     2.55 | NL:  2 | Lin:  21 | L2(u)=4.32e-04  L2(v)=6.83e-05  L2(p)=1.29e-05

Time step:   2 | Time: 2.2000e-02 [s] | CFL:     3.06 | NL:  1 | Lin:  21 | L2(u)=2.10e-02  L2(v)=4.54e-03  L2(p)=1.26e-05
Time step:   2 | Time: 2.2000e-02 [s] | CFL:     3.06 | NL:  2 | Lin:  23 | L2(u)=5.58e-05  L2(v)=1.98e-05  L2(p)=4.50e-06

Time step:   3 | Time: 3.6400e-02 [s] | CFL:     3.67 | NL:  1 | Lin:  24 | L2(u)=8.00e-03  L2(v)=2.43e-03  L2(p)=5.08e-06
Time step:   3 | Time: 3.6400e-02 [s] | CFL:     3.67 | NL:  2 | Lin:  25 | L2(u)=2.52e-05  L2(v)=1.04e-05  L2(p)=2.69e-06

Time step:   4 | Time: 5.3680e-02 [s] | CFL:     4.41 | NL:  1 | Lin:  26 | L2(u)=4.87e-03  L2(v)=1.61e-03  L2(p)=1.18e-06
Time step:   4 | Time: 5.3680e-02 [s] | CFL:     4.41 | NL:  2 | Lin:  28 | L2(u)=1.61e-05  L2(v)=7.33e-06  L2(p)=1.98e-06

Time step:   5 | Time: 7.4416e-02 [s] | CFL:     5.29 | NL:  1 | Lin:  29 | L2(u)=3.41e-03  L2(v)=1.23e-03  L2(p)=5.28e-07
Time step:   5 | Time: 7.4416e-02 [s] | CFL:     5.29 | NL:  2 | Lin:  31 | L2(u)=1.19e-05  L2(v)=5.85e-06  L2(p)=1.58e-06

Time step:   6 | Time: 9.9299e-02 [s] | CFL:     6.35 | NL:  1 | Lin:  32 | L2(u)=2.54e-03  L2(v)=9.90e-04  L2(p)=2.86e-07
Time step:   6 | Time: 9.9299e-02 [s] | CFL:     6.35 | NL:  2 | Lin:  34 | L2(u)=9.71e-06  L2(v)=5.01e-06  L2(p)=1.33e-06

Time step:   7 | Time: 1.2916e-01 [s] | CFL:     7.61 | NL:  1 | Lin:  35 | L2(u)=1.97e-03  L2(v)=8.20e-04  L2(p)=1.71e-07
Time step:   7 | Time: 1.2916e-01 [s] | CFL:     7.61 | NL:  2 | Lin:  37 | L2(u)=8.35e-06  L2(v)=4.50e-06  L2(p)=1.15e-06

Time step:   8 | Time: 1.6499e-01 [s] | CFL:     9.14 | NL:  1 | Lin:  39 | L2(u)=1.56e-03  L2(v)=6.90e-04  L2(p)=1.09e-07
Time step:   8 | Time: 1.6499e-01 [s] | CFL:     9.14 | NL:  2 | Lin:  41 | L2(u)=7.48e-06  L2(v)=4.19e-06  L2(p)=1.02e-06

Time step:   9 | Time: 2.0799e-01 [s] | CFL:    10.96 | NL:  1 | Lin:  43 | L2(u)=1.25e-03  L2(v)=5.88e-04  L2(p)=7.29e-08
Time step:   9 | Time: 2.0799e-01 [s] | CFL:    10.96 | NL:  2 | Lin:  44 | L2(u)=6.90e-06  L2(v)=4.00e-06  L2(p)=9.16e-07

Time step:  10 | Time: 2.5959e-01 [s] | CFL:    13.16 | NL:  1 | Lin:  47 | L2(u)=1.02e-03  L2(v)=5.06e-04  L2(p)=5.08e-08
Time step:  10 | Time: 2.5959e-01 [s] | CFL:    13.16 | NL:  2 | Lin:  48 | L2(u)=6.50e-06  L2(v)=3.89e-06  L2(p)=8.37e-07

Time step:  11 | Time: 3.2150e-01 [s] | CFL:    15.79 | NL:  1 | Lin:  51 | L2(u)=8.30e-04  L2(v)=4.37e-04  L2(p)=3.68e-08
Time step:  11 | Time: 3.2150e-01 [s] | CFL:    15.79 | NL:  2 | Lin:  53 | L2(u)=6.22e-06  L2(v)=3.85e-06  L2(p)=7.73e-07

Time step:  12 | Time: 3.9581e-01 [s] | CFL:    18.95 | NL:  1 | Lin:  56 | L2(u)=6.81e-04  L2(v)=3.79e-04  L2(p)=2.77e-08
Time step:  12 | Time: 3.9581e-01 [s] | CFL:    18.95 | NL:  2 | Lin:  57 | L2(u)=6.03e-06  L2(v)=3.85e-06  L2(p)=7.20e-07

Time step:  13 | Time: 4.8497e-01 [s] | CFL:    22.74 | NL:  1 | Lin:  60 | L2(u)=5.59e-04  L2(v)=3.30e-04  L2(p)=2.18e-08
Time step:  13 | Time: 4.8497e-01 [s] | CFL:    22.74 | NL:  2 | Lin:  61 | L2(u)=5.87e-06  L2(v)=3.87e-06  L2(p)=6.75e-07

Time step:  14 | Time: 5.9196e-01 [s] | CFL:    27.28 | NL:  1 | Lin:  66 | L2(u)=4.60e-04  L2(v)=2.87e-04  L2(p)=1.79e-08
Time step:  14 | Time: 5.9196e-01 [s] | CFL:    27.28 | NL:  2 | Lin:  66 | L2(u)=5.72e-06  L2(v)=3.90e-06  L2(p)=6.36e-07

Time step:  15 | Time: 7.2035e-01 [s] | CFL:    32.74 | NL:  1 | Lin:  70 | L2(u)=3.77e-04  L2(v)=2.50e-04  L2(p)=1.53e-08
Time step:  15 | Time: 7.2035e-01 [s] | CFL:    32.74 | NL:  2 | Lin:  71 | L2(u)=5.54e-06  L2(v)=3.91e-06  L2(p)=6.00e-07

Time step:  16 | Time: 8.7442e-01 [s] | CFL:    39.29 | NL:  1 | Lin:  76 | L2(u)=3.09e-04  L2(v)=2.17e-04  L2(p)=1.34e-08
Time step:  16 | Time: 8.7442e-01 [s] | CFL:    39.29 | NL:  2 | Lin:  75 | L2(u)=5.30e-06  L2(v)=3.88e-06  L2(p)=5.64e-07

Time step:  17 | Time: 1.0593e+00 [s] | CFL:    47.15 | NL:  1 | Lin:  82 | L2(u)=2.52e-04  L2(v)=1.88e-04  L2(p)=1.19e-08
Time step:  17 | Time: 1.0593e+00 [s] | CFL:    47.15 | NL:  2 | Lin:  81 | L2(u)=4.96e-06  L2(v)=3.79e-06  L2(p)=5.27e-07

Time step:  18 | Time: 1.2812e+00 [s] | CFL:    56.57 | NL:  1 | Lin:  88 | L2(u)=2.05e-04  L2(v)=1.61e-04  L2(p)=1.05e-08
Time step:  18 | Time: 1.2812e+00 [s] | CFL:    56.57 | NL:  2 | Lin:  85 | L2(u)=4.53e-06  L2(v)=3.60e-06  L2(p)=4.87e-07

Time step:  19 | Time: 1.5474e+00 [s] | CFL:    67.89 | NL:  1 | Lin:  91 | L2(u)=1.66e-04  L2(v)=1.36e-04  L2(p)=9.18e-09
Time step:  19 | Time: 1.5474e+00 [s] | CFL:    67.89 | NL:  2 | Lin:  89 | L2(u)=4.02e-06  L2(v)=3.31e-06  L2(p)=4.41e-07

Time step:  20 | Time: 1.8669e+00 [s] | CFL:    81.47 | NL:  1 | Lin:  96 | L2(u)=1.34e-04  L2(v)=1.13e-04  L2(p)=7.83e-09
Time step:  20 | Time: 1.8669e+00 [s] | CFL:    81.47 | NL:  2 | Lin:  93 | L2(u)=3.47e-06  L2(v)=2.92e-06  L2(p)=3.90e-07

Time step:  21 | Time: 2.2503e+00 [s] | CFL:    97.76 | NL:  1 | Lin: 101 | L2(u)=1.07e-04  L2(v)=9.20e-05  L2(p)=6.53e-09
Time step:  21 | Time: 2.2503e+00 [s] | CFL:    97.76 | NL:  2 | Lin:  97 | L2(u)=2.89e-06  L2(v)=2.47e-06  L2(p)=3.38e-07

Time step:  22 | Time: 2.7103e+00 [s] | CFL:   117.31 | NL:  1 | Lin: 104 | L2(u)=8.46e-05  L2(v)=7.34e-05  L2(p)=5.31e-09
Time step:  22 | Time: 2.7103e+00 [s] | CFL:   117.31 | NL:  2 | Lin: 101 | L2(u)=2.33e-06  L2(v)=2.00e-06  L2(p)=2.87e-07

Time step:  23 | Time: 3.2624e+00 [s] | CFL:   140.78 | NL:  1 | Lin: 109 | L2(u)=6.56e-05  L2(v)=5.72e-05  L2(p)=4.21e-09
Time step:  23 | Time: 3.2624e+00 [s] | CFL:   140.78 | NL:  2 | Lin: 104 | L2(u)=1.79e-06  L2(v)=1.54e-06  L2(p)=2.39e-07

Time step:  24 | Time: 3.9248e+00 [s] | CFL:   168.93 | NL:  1 | Lin: 111 | L2(u)=4.97e-05  L2(v)=4.35e-05  L2(p)=3.22e-09
Time step:  24 | Time: 3.9248e+00 [s] | CFL:   168.93 | NL:  2 | Lin: 109 | L2(u)=1.30e-06  L2(v)=1.12e-06  L2(p)=1.95e-07

Time step:  25 | Time: 4.7198e+00 [s] | CFL:   202.72 | NL:  1 | Lin: 119 | L2(u)=3.63e-05  L2(v)=3.20e-05  L2(p)=2.33e-09
Time step:  25 | Time: 4.7198e+00 [s] | CFL:   202.72 | NL:  2 | Lin: 112 | L2(u)=8.70e-07  L2(v)=7.65e-07  L2(p)=1.55e-07

Time step:  26 | Time: 5.6738e+00 [s] | CFL:   243.26 | NL:  1 | Lin: 121 | L2(u)=2.54e-05  L2(v)=2.26e-05  L2(p)=1.58e-09
Time step:  27 | Time: 7.9633e+00 [s] | CFL:   583.82 | NL:  1 | Lin: 133 | L2(u)=1.69e-05  L2(v)=1.52e-05  L2(p)=1.18e-07
Time step:  28 | Time: 1.3458e+01 [s] | CFL:  1401.18 | NL:  1 | Lin: 141 | L2(u)=7.61e-06  L2(v)=6.94e-06  L2(p)=1.24e-07
Time step:  29 | Time: 2.6646e+01 [s] | CFL:  3362.83 | NL:  1 | Lin: 144 | L2(u)=1.93e-06  L2(v)=1.78e-06  L2(p)=7.38e-08
Time step:  30 | Time: 5.0000e+01 [s] | CFL:  5955.35 | NL:  1 | Lin: 144 | L2(u)=2.38e-07  L2(v)=2.20e-07  L2(p)=2.15e-08

Final kinetic energy: 3.453054e-02

Aggregate Summary:
--------------------------------------------------------------
Total number of Non-linear iterations: 55
Total number of linear iterations:     1829
Avg. LS iterations:                    33.25
Avg. LS times: (setup, solve, total):  0.0344, 0.3917, 0.4261
Total LS times: (setup, solve, total): 1.8915, 21.5426, 23.4341
Avg. LS iterations per timestep:       60.97
Avg. LS times per timestep: (s, s, t): 0.0631, 0.7181, 0.7811
--------------------------------------------------------------

=======================================================================================


STATISTICS SUMMARY:

+------------+-------------+-------------+-------------+------------+------------+--------+
|            |    LS build |       setup |       solve |    initial |   relative |        |
|       Path |   times [s] |   times [s] |   times [s] |  res. norm |  res. norm |  iters |
+------------+-------------+-------------+-------------+------------+------------+--------+
|      1.1.1 |       0.018 |       0.039 |       0.098 |   1.50e+01 |   7.15e-07 |     12 |
|      1.2.2 |       0.020 |       0.048 |       0.235 |   4.37e-04 |   6.51e-07 |     21 |
|      2.1.3 |       0.022 |       0.047 |       0.213 |   2.14e-02 |   9.42e-07 |     21 |
|      2.2.4 |       0.020 |       0.051 |       0.253 |   5.94e-05 |   7.38e-07 |     23 |
|      3.1.5 |       0.020 |       0.053 |       0.273 |   8.36e-03 |   6.50e-07 |     24 |
|      3.2.6 |       0.019 |       0.056 |       0.271 |   2.74e-05 |   9.67e-07 |     25 |
|      4.1.7 |       0.020 |       0.049 |       0.287 |   5.13e-03 |   8.05e-07 |     26 |
|      4.2.8 |       0.022 |       0.053 |       0.318 |   1.78e-05 |   7.96e-07 |     28 |
|      5.1.9 |       0.019 |       0.047 |       0.306 |   3.62e-03 |   7.81e-07 |     29 |
|     5.2.10 |       0.020 |       0.050 |       0.338 |   1.34e-05 |   7.87e-07 |     31 |
|     6.1.11 |       0.020 |       0.052 |       0.325 |   2.73e-03 |   7.82e-07 |     32 |
|     6.2.12 |       0.018 |       0.048 |       0.375 |   1.10e-05 |   7.38e-07 |     34 |
|     7.1.13 |       0.020 |       0.055 |       0.383 |   2.13e-03 |   9.20e-07 |     35 |
|     7.2.14 |       0.021 |       0.052 |       0.421 |   9.56e-06 |   8.43e-07 |     37 |
|     8.1.15 |       0.019 |       0.055 |       0.434 |   1.70e-03 |   8.35e-07 |     39 |
|     8.2.16 |       0.021 |       0.052 |       0.487 |   8.63e-06 |   7.72e-07 |     41 |
|     9.1.17 |       0.020 |       0.048 |       0.460 |   1.38e-03 |   7.31e-07 |     43 |
|     9.2.18 |       0.020 |       0.048 |       0.488 |   8.02e-06 |   8.59e-07 |     44 |
|    10.1.19 |       0.018 |       0.048 |       0.517 |   1.14e-03 |   9.90e-07 |     47 |
|    10.2.20 |       0.019 |       0.052 |       0.529 |   7.62e-06 |   9.49e-07 |     48 |
|    11.1.21 |       0.018 |       0.047 |       0.582 |   9.38e-04 |   9.31e-07 |     51 |
|    11.2.22 |       0.021 |       0.053 |       0.628 |   7.36e-06 |   8.37e-07 |     53 |
|    12.1.23 |       0.018 |       0.050 |       0.689 |   7.79e-04 |   8.51e-07 |     56 |
|    12.2.24 |       0.023 |       0.053 |       0.694 |   7.18e-06 |   8.70e-07 |     57 |
|    13.1.25 |       0.018 |       0.056 |       0.700 |   6.49e-04 |   9.74e-07 |     60 |
|    13.2.26 |       0.020 |       0.051 |       0.742 |   7.06e-06 |   8.74e-07 |     61 |
|    14.1.27 |       0.019 |       0.051 |       0.792 |   5.42e-04 |   9.36e-07 |     66 |
|    14.2.28 |       0.019 |       0.049 |       0.812 |   6.95e-06 |   9.37e-07 |     66 |
|    15.1.29 |       0.019 |       0.050 |       0.849 |   4.53e-04 |   8.88e-07 |     70 |
|    15.2.30 |       0.017 |       0.052 |       0.843 |   6.81e-06 |   9.10e-07 |     71 |
|    16.1.31 |       0.017 |       0.048 |       0.895 |   3.78e-04 |   8.72e-07 |     76 |
|    16.2.32 |       0.018 |       0.054 |       0.913 |   6.59e-06 |   9.33e-07 |     75 |
|    17.1.33 |       0.017 |       0.055 |       1.049 |   3.15e-04 |   8.34e-07 |     82 |
|    17.2.34 |       0.022 |       0.057 |       1.006 |   6.27e-06 |   9.28e-07 |     81 |
|    18.1.35 |       0.020 |       0.054 |       1.118 |   2.61e-04 |   9.28e-07 |     88 |
|    18.2.36 |       0.020 |       0.055 |       1.078 |   5.81e-06 |   9.89e-07 |     85 |
|    19.1.37 |       0.018 |       0.050 |       1.140 |   2.15e-04 |   9.81e-07 |     91 |
|    19.2.38 |       0.018 |       0.048 |       1.083 |   5.23e-06 |   9.31e-07 |     89 |
|    20.1.39 |       0.016 |       0.047 |       1.182 |   1.75e-04 |   9.32e-07 |     96 |
|    20.2.40 |       0.018 |       0.052 |       1.147 |   4.55e-06 |   9.29e-07 |     93 |
|    21.1.41 |       0.016 |       0.050 |       1.270 |   1.41e-04 |   9.19e-07 |    101 |
|    21.2.42 |       0.019 |       0.048 |       1.195 |   3.82e-06 |   9.64e-07 |     97 |
|    22.1.43 |       0.017 |       0.051 |       1.301 |   1.12e-04 |   9.34e-07 |    104 |
|    22.2.44 |       0.016 |       0.050 |       1.287 |   3.08e-06 |   8.79e-07 |    101 |
|    23.1.45 |       0.019 |       0.055 |       1.432 |   8.71e-05 |   8.80e-07 |    109 |
|    23.2.46 |       0.019 |       0.055 |       1.321 |   2.37e-06 |   8.62e-07 |    104 |
|    24.1.47 |       0.017 |       0.048 |       1.406 |   6.60e-05 |   9.92e-07 |    111 |
|    24.2.48 |       0.021 |       0.052 |       1.408 |   1.73e-06 |   8.80e-07 |    109 |
|    25.1.49 |       0.017 |       0.054 |       1.702 |   4.84e-05 |   8.76e-07 |    119 |
|    25.2.50 |       0.021 |       0.055 |       1.403 |   1.17e-06 |   9.68e-07 |    112 |
|    26.1.51 |       0.019 |       0.055 |       1.560 |   3.40e-05 |   9.51e-07 |    121 |
|    27.1.52 |       0.019 |       0.049 |       1.707 |   2.27e-05 |   9.02e-07 |    133 |
|    28.1.53 |       0.016 |       0.053 |       1.825 |   1.03e-05 |   9.99e-07 |    141 |
|    29.1.54 |       0.018 |       0.047 |       1.958 |   2.63e-06 |   8.72e-07 |    144 |
|    30.1.55 |       0.017 |       0.054 |       1.961 |   3.25e-07 |   8.98e-07 |    144 |
+------------+-------------+-------------+-------------+------------+------------+--------+

