
=====================================================
          Lid-Driven Cavity Problem Setup
=====================================================
Physical dimensions:     1 x 1
Grid dimensions (nodes): 256 x 256
Processor topology:      8 x 8
Reynolds number:         1.0e+02
Initial time step:       1.0e-02
Adaptive time stepping:  true
Regularized lid BC:      true
Final time:              5.0e+01
Visualization:           disabled
Verbosity level:         0x1
=====================================================

Date and time: 2026-02-02 06:53:33

Using HYPREDRV_DEVELOP_STRING: v0.1.0-57-g7412000a7 (add-mgr-blkrowsum)
------------------------------------------------------------------------------------
solver: 
  fgmres: 
    max_iter: 500
    krylov_dim: 500
    print_level: 0
    relative_tol: 1.0e-6
preconditioner: 
  amg: 
    max_iter: 1
    coarsening: 
      strong_th: 0.8
      num_functions: 3
    smoother: 
      type: ilu
      num_levels: 5
      num_sweeps: 1
      ilu: 
        type: bj-ilut
        droptol: 1e-2
------------------------------------------------------------------------------------
Time step:   1 | Time: 1.0000e-02 [s] | CFL:     2.55 | NL:  1 | Lin:   9 | L2(u)=1.50e+01  L2(v)=0.00e+00  L2(p)=0.00e+00
Time step:   1 | Time: 1.0000e-02 [s] | CFL:     2.55 | NL:  2 | Lin:  13 | L2(u)=4.32e-04  L2(v)=6.78e-05  L2(p)=1.31e-05

Time step:   2 | Time: 2.2000e-02 [s] | CFL:     3.06 | NL:  1 | Lin:  14 | L2(u)=2.10e-02  L2(v)=4.54e-03  L2(p)=1.26e-05
Time step:   2 | Time: 2.2000e-02 [s] | CFL:     3.06 | NL:  2 | Lin:  15 | L2(u)=5.58e-05  L2(v)=1.98e-05  L2(p)=4.50e-06

Time step:   3 | Time: 3.6400e-02 [s] | CFL:     3.67 | NL:  1 | Lin:  15 | L2(u)=8.00e-03  L2(v)=2.43e-03  L2(p)=5.08e-06
Time step:   3 | Time: 3.6400e-02 [s] | CFL:     3.67 | NL:  2 | Lin:  15 | L2(u)=2.52e-05  L2(v)=1.04e-05  L2(p)=2.69e-06

Time step:   4 | Time: 5.3680e-02 [s] | CFL:     4.41 | NL:  1 | Lin:  15 | L2(u)=4.87e-03  L2(v)=1.61e-03  L2(p)=1.18e-06
Time step:   4 | Time: 5.3680e-02 [s] | CFL:     4.41 | NL:  2 | Lin:  15 | L2(u)=1.61e-05  L2(v)=7.33e-06  L2(p)=1.98e-06

Time step:   5 | Time: 7.4416e-02 [s] | CFL:     5.29 | NL:  1 | Lin:  15 | L2(u)=3.41e-03  L2(v)=1.23e-03  L2(p)=5.28e-07
Time step:   5 | Time: 7.4416e-02 [s] | CFL:     5.29 | NL:  2 | Lin:  15 | L2(u)=1.19e-05  L2(v)=5.85e-06  L2(p)=1.58e-06

Time step:   6 | Time: 9.9299e-02 [s] | CFL:     6.35 | NL:  1 | Lin:  15 | L2(u)=2.54e-03  L2(v)=9.90e-04  L2(p)=2.86e-07
Time step:   6 | Time: 9.9299e-02 [s] | CFL:     6.35 | NL:  2 | Lin:  15 | L2(u)=9.71e-06  L2(v)=5.01e-06  L2(p)=1.33e-06

Time step:   7 | Time: 1.2916e-01 [s] | CFL:     7.61 | NL:  1 | Lin:  14 | L2(u)=1.97e-03  L2(v)=8.20e-04  L2(p)=1.71e-07
Time step:   7 | Time: 1.2916e-01 [s] | CFL:     7.61 | NL:  2 | Lin:  14 | L2(u)=8.35e-06  L2(v)=4.50e-06  L2(p)=1.15e-06

Time step:   8 | Time: 1.6499e-01 [s] | CFL:     9.14 | NL:  1 | Lin:  16 | L2(u)=1.56e-03  L2(v)=6.90e-04  L2(p)=1.09e-07
Time step:   8 | Time: 1.6499e-01 [s] | CFL:     9.14 | NL:  2 | Lin:  15 | L2(u)=7.48e-06  L2(v)=4.19e-06  L2(p)=1.02e-06

Time step:   9 | Time: 2.0799e-01 [s] | CFL:    10.96 | NL:  1 | Lin:  20 | L2(u)=1.25e-03  L2(v)=5.88e-04  L2(p)=7.29e-08
Time step:   9 | Time: 2.0799e-01 [s] | CFL:    10.96 | NL:  2 | Lin:  20 | L2(u)=6.90e-06  L2(v)=4.00e-06  L2(p)=9.16e-07

Time step:  10 | Time: 2.5959e-01 [s] | CFL:    13.16 | NL:  1 | Lin:  30 | L2(u)=1.02e-03  L2(v)=5.06e-04  L2(p)=5.08e-08
Time step:  10 | Time: 2.5959e-01 [s] | CFL:    13.16 | NL:  2 | Lin:  30 | L2(u)=6.50e-06  L2(v)=3.89e-06  L2(p)=8.37e-07

Time step:  11 | Time: 3.2150e-01 [s] | CFL:    15.79 | NL:  1 | Lin:  36 | L2(u)=8.30e-04  L2(v)=4.37e-04  L2(p)=3.68e-08
Time step:  11 | Time: 3.2150e-01 [s] | CFL:    15.79 | NL:  2 | Lin:  45 | L2(u)=6.22e-06  L2(v)=3.85e-06  L2(p)=7.73e-07

Time step:  12 | Time: 3.9581e-01 [s] | CFL:    18.95 | NL:  1 | Lin:  40 | L2(u)=6.81e-04  L2(v)=3.79e-04  L2(p)=2.77e-08
Time step:  12 | Time: 3.9581e-01 [s] | CFL:    18.95 | NL:  2 | Lin:  51 | L2(u)=6.03e-06  L2(v)=3.85e-06  L2(p)=7.20e-07

Time step:  13 | Time: 4.8497e-01 [s] | CFL:    22.74 | NL:  1 | Lin:  60 | L2(u)=5.59e-04  L2(v)=3.30e-04  L2(p)=2.18e-08
Time step:  13 | Time: 4.8497e-01 [s] | CFL:    22.74 | NL:  2 | Lin:  63 | L2(u)=5.87e-06  L2(v)=3.87e-06  L2(p)=6.75e-07

Time step:  14 | Time: 5.9196e-01 [s] | CFL:    27.28 | NL:  1 | Lin:  69 | L2(u)=4.60e-04  L2(v)=2.87e-04  L2(p)=1.79e-08
Time step:  14 | Time: 5.9196e-01 [s] | CFL:    27.28 | NL:  2 | Lin:  69 | L2(u)=5.72e-06  L2(v)=3.90e-06  L2(p)=6.36e-07

Time step:  15 | Time: 7.2035e-01 [s] | CFL:    32.74 | NL:  1 | Lin:  73 | L2(u)=3.77e-04  L2(v)=2.50e-04  L2(p)=1.53e-08
Time step:  15 | Time: 7.2035e-01 [s] | CFL:    32.74 | NL:  2 | Lin:  68 | L2(u)=5.54e-06  L2(v)=3.91e-06  L2(p)=6.00e-07

Time step:  16 | Time: 8.7442e-01 [s] | CFL:    39.29 | NL:  1 | Lin:  77 | L2(u)=3.09e-04  L2(v)=2.17e-04  L2(p)=1.34e-08
Time step:  16 | Time: 8.7442e-01 [s] | CFL:    39.29 | NL:  2 | Lin:  74 | L2(u)=5.30e-06  L2(v)=3.88e-06  L2(p)=5.64e-07

Time step:  17 | Time: 1.0593e+00 [s] | CFL:    47.15 | NL:  1 | Lin:  84 | L2(u)=2.52e-04  L2(v)=1.88e-04  L2(p)=1.19e-08
Time step:  17 | Time: 1.0593e+00 [s] | CFL:    47.15 | NL:  2 | Lin:  79 | L2(u)=4.96e-06  L2(v)=3.79e-06  L2(p)=5.27e-07

Time step:  18 | Time: 1.2812e+00 [s] | CFL:    56.57 | NL:  1 | Lin:  88 | L2(u)=2.05e-04  L2(v)=1.61e-04  L2(p)=1.05e-08
Time step:  18 | Time: 1.2812e+00 [s] | CFL:    56.57 | NL:  2 | Lin:  85 | L2(u)=4.53e-06  L2(v)=3.60e-06  L2(p)=4.87e-07

Time step:  19 | Time: 1.5474e+00 [s] | CFL:    67.89 | NL:  1 | Lin:  87 | L2(u)=1.66e-04  L2(v)=1.36e-04  L2(p)=9.18e-09
Time step:  19 | Time: 1.5474e+00 [s] | CFL:    67.89 | NL:  2 | Lin:  94 | L2(u)=4.02e-06  L2(v)=3.31e-06  L2(p)=4.41e-07

Time step:  20 | Time: 1.8669e+00 [s] | CFL:    81.47 | NL:  1 | Lin:  98 | L2(u)=1.34e-04  L2(v)=1.13e-04  L2(p)=7.83e-09
Time step:  20 | Time: 1.8669e+00 [s] | CFL:    81.47 | NL:  2 | Lin:  95 | L2(u)=3.47e-06  L2(v)=2.92e-06  L2(p)=3.90e-07

Time step:  21 | Time: 2.2503e+00 [s] | CFL:    97.76 | NL:  1 | Lin:  93 | L2(u)=1.07e-04  L2(v)=9.20e-05  L2(p)=6.53e-09
Time step:  21 | Time: 2.2503e+00 [s] | CFL:    97.76 | NL:  2 | Lin:  88 | L2(u)=2.89e-06  L2(v)=2.47e-06  L2(p)=3.38e-07

Time step:  22 | Time: 2.7103e+00 [s] | CFL:   117.31 | NL:  1 | Lin:  93 | L2(u)=8.46e-05  L2(v)=7.34e-05  L2(p)=5.31e-09
Time step:  22 | Time: 2.7103e+00 [s] | CFL:   117.31 | NL:  2 | Lin:  99 | L2(u)=2.33e-06  L2(v)=2.00e-06  L2(p)=2.87e-07

Time step:  23 | Time: 3.2624e+00 [s] | CFL:   140.78 | NL:  1 | Lin:  94 | L2(u)=6.56e-05  L2(v)=5.72e-05  L2(p)=4.21e-09
Time step:  23 | Time: 3.2624e+00 [s] | CFL:   140.78 | NL:  2 | Lin: 103 | L2(u)=1.79e-06  L2(v)=1.54e-06  L2(p)=2.39e-07

Time step:  24 | Time: 3.9248e+00 [s] | CFL:   168.93 | NL:  1 | Lin: 100 | L2(u)=4.97e-05  L2(v)=4.35e-05  L2(p)=3.22e-09
Time step:  24 | Time: 3.9248e+00 [s] | CFL:   168.93 | NL:  2 | Lin:  97 | L2(u)=1.30e-06  L2(v)=1.12e-06  L2(p)=1.95e-07

Time step:  25 | Time: 4.7198e+00 [s] | CFL:   202.72 | NL:  1 | Lin:  98 | L2(u)=3.63e-05  L2(v)=3.20e-05  L2(p)=2.33e-09
Time step:  25 | Time: 4.7198e+00 [s] | CFL:   202.72 | NL:  2 | Lin:  96 | L2(u)=8.70e-07  L2(v)=7.65e-07  L2(p)=1.55e-07

Time step:  26 | Time: 5.6738e+00 [s] | CFL:   243.26 | NL:  1 | Lin:  93 | L2(u)=2.54e-05  L2(v)=2.26e-05  L2(p)=1.58e-09
Time step:  27 | Time: 7.9633e+00 [s] | CFL:   583.82 | NL:  1 | Lin:  97 | L2(u)=1.69e-05  L2(v)=1.52e-05  L2(p)=1.18e-07
Time step:  28 | Time: 1.3458e+01 [s] | CFL:  1401.18 | NL:  1 | Lin: 104 | L2(u)=7.61e-06  L2(v)=6.94e-06  L2(p)=1.24e-07
Time step:  29 | Time: 2.6646e+01 [s] | CFL:  3362.83 | NL:  1 | Lin: 115 | L2(u)=1.93e-06  L2(v)=1.78e-06  L2(p)=7.38e-08
Time step:  30 | Time: 5.0000e+01 [s] | CFL:  5955.35 | NL:  1 | Lin: 105 | L2(u)=2.38e-07  L2(v)=2.20e-07  L2(p)=2.15e-08

Aggregate Summary:
--------------------------------------------------------------
Total number of Non-linear iterations: 55
Total number of linear iterations:     1478
Avg. LS iterations:                    26.87
Avg. LS times: (setup, solve, total):  0.0857, 0.1396, 0.2253
Total LS times: (setup, solve, total): 4.7130, 7.6803, 12.3933
Avg. LS iterations per timestep:       49.27
Avg. LS times per timestep: (s, s, t): 0.1571, 0.2560, 0.4131
--------------------------------------------------------------

====================================================================================


STATISTICS SUMMARY:

+------------+-------------+-------------+-------------+-------------+-------------+
|            |    LS build |       setup |       solve |    relative |             |
|      Entry |   times [s] |   times [s] |   times [s] |   res. norm |       iters |
+------------+-------------+-------------+-------------+-------------+-------------+
|          0 |       0.010 |       0.108 |       0.038 |    5.67e-07 |           9 |
|          1 |       0.009 |       0.113 |       0.058 |    5.49e-07 |          13 |
|          2 |       0.008 |       0.124 |       0.064 |    9.34e-07 |          14 |
|          3 |       0.009 |       0.118 |       0.068 |    4.08e-07 |          15 |
|          4 |       0.008 |       0.121 |       0.070 |    7.80e-07 |          15 |
|          5 |       0.009 |       0.120 |       0.070 |    9.69e-07 |          15 |
|          6 |       0.008 |       0.119 |       0.070 |    5.77e-07 |          15 |
|          7 |       0.009 |       0.122 |       0.071 |    6.30e-07 |          15 |
|          8 |       0.008 |       0.120 |       0.071 |    4.90e-07 |          15 |
|          9 |       0.009 |       0.130 |       0.070 |    7.85e-07 |          15 |
|         10 |       0.008 |       0.122 |       0.070 |    3.34e-07 |          15 |
|         11 |       0.009 |       0.129 |       0.070 |    5.27e-07 |          15 |
|         12 |       0.008 |       0.124 |       0.066 |    8.54e-07 |          14 |
|         13 |       0.009 |       0.124 |       0.066 |    8.18e-07 |          14 |
|         14 |       0.008 |       0.129 |       0.075 |    3.92e-07 |          16 |
|         15 |       0.009 |       0.129 |       0.070 |    3.18e-07 |          15 |
|         16 |       0.008 |       0.129 |       0.095 |    4.97e-07 |          20 |
|         17 |       0.008 |       0.126 |       0.096 |    7.45e-07 |          20 |
|         18 |       0.008 |       0.126 |       0.145 |    5.46e-07 |          30 |
|         19 |       0.009 |       0.126 |       0.145 |    9.35e-07 |          30 |
|         20 |       0.008 |       0.131 |       0.177 |    9.86e-07 |          36 |
|         21 |       0.009 |       0.128 |       0.224 |    4.55e-07 |          45 |
|         22 |       0.008 |       0.126 |       0.198 |    9.37e-07 |          40 |
|         23 |       0.009 |       0.133 |       0.258 |    7.32e-07 |          51 |
|         24 |       0.008 |       0.136 |       0.310 |    7.71e-07 |          60 |
|         25 |       0.009 |       0.129 |       0.329 |    4.89e-07 |          63 |
|         26 |       0.008 |       0.135 |       0.372 |    7.46e-07 |          69 |
|         27 |       0.009 |       0.128 |       0.370 |    8.36e-07 |          69 |
|         28 |       0.008 |       0.133 |       0.395 |    5.57e-07 |          73 |
|         29 |       0.009 |       0.133 |       0.363 |    5.26e-07 |          68 |
|         30 |       0.008 |       0.131 |       0.417 |    8.24e-07 |          77 |
|         31 |       0.009 |       0.132 |       0.400 |    5.18e-07 |          74 |
|         32 |       0.008 |       0.132 |       0.460 |    9.58e-07 |          84 |
|         33 |       0.009 |       0.132 |       0.430 |    8.47e-07 |          79 |
|         34 |       0.009 |       0.131 |       0.484 |    8.17e-07 |          88 |
|         35 |       0.009 |       0.141 |       0.469 |    7.37e-07 |          85 |
|         36 |       0.008 |       0.142 |       0.479 |    8.85e-07 |          87 |
|         37 |       0.009 |       0.133 |       0.525 |    6.69e-07 |          94 |
|         38 |       0.008 |       0.132 |       0.552 |    9.98e-07 |          98 |
|         39 |       0.008 |       0.143 |       0.534 |    9.29e-07 |          95 |
|         40 |       0.008 |       0.132 |       0.523 |    6.38e-07 |          93 |
|         41 |       0.009 |       0.133 |       0.491 |    8.54e-07 |          88 |
|         42 |       0.009 |       0.134 |       0.522 |    9.35e-07 |          93 |
|         43 |       0.009 |       0.142 |       0.565 |    8.15e-07 |          99 |
|         44 |       0.008 |       0.134 |       0.533 |    9.10e-07 |          94 |
|         45 |       0.009 |       0.136 |       0.590 |    6.09e-07 |         103 |
|         46 |       0.008 |       0.135 |       0.572 |    6.88e-07 |         100 |
|         47 |       0.009 |       0.135 |       0.546 |    6.15e-07 |          97 |
|         48 |       0.008 |       0.135 |       0.547 |    7.69e-07 |          98 |
|         49 |       0.009 |       0.136 |       0.539 |    9.28e-07 |          96 |
|         50 |       0.008 |       0.135 |       0.527 |    7.95e-07 |          93 |
|         51 |       0.008 |       0.137 |       0.545 |    6.29e-07 |          97 |
|         52 |       0.008 |       0.136 |       0.589 |    7.72e-07 |         104 |
|         53 |       0.008 |       0.136 |       0.661 |    6.61e-07 |         115 |
|         54 |       0.008 |       0.135 |       0.591 |    9.80e-07 |         105 |
+------------+-------------+-------------+-------------+-------------+-------------+

